Timestamp	Process	TID	Area	Category	EventID	Level	Message	Correlation
09/26/2016 01:45:42.318 	com.microsoft.Word	0xb0219000	                        com.microsoft.Word	mbu.instrument	iangv	Information 	Configuration {"FriendlyAppVersion":"15.22.1 (160512)","FriendlyOSVersion":"Mac OS X 10.11.5 (15F34)","DATAID_SCREEN_DPI":72,"Screens":[{"deviceColorSpaceName":"NSCalibratedRGBColorSpace","deviceBitsPerSample":8,"Index":0,"deviceResolutionWidth":72,"deviceResolutionHeight":72,"width":1920,"originY":0,"originX":0,"height":1080}],"NumScreens":1,"DATAID_SYS_VOL_SPACE":156899.7,"ProcessArchitecture":"i386","DATAID_RESOLUTION":1920,"MainScreenIndex":0,"DATAID_SCREEN_DEPTH":24,"DATAID_OS_BUILD":"15F34","DATAID_SYS_VOL_SIZE":238424.5,"DATAID_HOME_VOL_SPACE":156899.7,"DATAID_HOME_VOL_SIZE":238424.5}	5E7F2DDF-D2FD-4846-9490-990F1AA59E0C 
09/26/2016 01:45:42.318 	com.microsoft.Word	0xb0219000	                        com.microsoft.Word	mbu.instrument	iab2v	Information 	Configuration Gathering Perf {"timeInMs":1}	5E7F2DDF-D2FD-4846-9490-990F1AA59E0C 
09/26/2016 01:45:42.318 	com.microsoft.Word	0xb0219000	                        com.microsoft.Word	ULS.Heartbeat	iaaaa	Information 	541044CF-4AFA-562A-A532-699B8D36FCB5	5E7F2DDF-D2FD-4846-9490-990F1AA59E0C 
09/26/2016 01:45:42.385 	com.microsoft.Word	0xb0115000	                        com.microsoft.Word	Identity Authentication Client	awuuf	Information 	[IdentityManager] OfflineInit {"Message": "IdentityManager Offline Init."}	5E7F2DDF-D2FD-4846-9490-990F1AA59E0C 
09/26/2016 01:45:42.385 	com.microsoft.Word	0xb0115000	                        com.microsoft.Word	Identity Authentication Client	awut9	Information 	[Authentication] IsCustomEnv {"Message": "Service is NOT using custom environment.", "Name": "LiveId", "CustomEnv": "INT"}	5E7F2DDF-D2FD-4846-9490-990F1AA59E0C 
09/26/2016 01:45:42.385 	com.microsoft.Word	0xb0115000	                        com.microsoft.Word	Identity Authentication Client	awuuj	Information 	[IdentityManager] SetOneDriveServiceFallbackUrls {"Message": "Using Production Environment for OneDrive."}	5E7F2DDF-D2FD-4846-9490-990F1AA59E0C 
09/26/2016 01:45:42.389 	com.microsoft.Word	0xb0219000	                        com.microsoft.Word	Identity Authentication Client	awuuk	Information 	[IdentityManager] LoadAndValidateCachedIdentities {"Message": "Reading persisted identities.", "Size": 0}	5E7F2DDF-D2FD-4846-9490-990F1AA59E0C 
09/26/2016 01:45:42.393 	com.microsoft.Word	0xb0115000	                        com.microsoft.Word	Memory Resource Usage	a5h8g	Information 	CurrentProcessWideMemoryUsage {"ScopeInstance": 2, "BytesUsedDelta": 704512, "BytesUsedAtComplete": 57479168}	5E7F2DDF-D2FD-4846-9490-990F1AA59E0C 
09/26/2016 01:45:42.393 	com.microsoft.Word	0xb0115000	                        com.microsoft.Word	Scope Summary	a5h8g	Information 	{"ScopeName": "[IdentityLiblet] Init", "StartTime": 2016-09-26T01:45:42Z, "DurationToCompleteInMilliseconds": 8, "DurationToCompleteInMillisecondsHighPrecision": 8.038350, "ScopeInstance": 2, "ScopeParentInstance": 0, "TopActivityInstance": 2, "Success": true}	5E7F2DDF-D2FD-4846-9490-990F1AA59E0C 
09/26/2016 01:45:42.393 	com.microsoft.Word	0xb0115000	                        com.microsoft.Word	Identity SharedCred Client	a9iej	Information 	[SharedCred] LoadAllCreds {"Message": "Loading stored credentials for prefix.", "CredType": "ADAL:"}	5E7F2DDF-D2FD-4846-9490-990F1AA59E0C 
09/26/2016 01:45:42.393 	com.microsoft.Word	0xb0115000	                        com.microsoft.Word	IdentityAuthenticationCredStore	ibzdd	Information 	[COfficeCredStore] InitInstance {"Message": "InitInstance succeeded!"}	5E7F2DDF-D2FD-4846-9490-990F1AA59E0C 
09/26/2016 01:45:42.393 	com.microsoft.Word	0xb0115000	                        com.microsoft.Word	IdentityAuthenticationCredStore	ibzdd	Information 	[COfficeCredStore] InitInstance {"Message": "InitInstance succeeded!"}	5E7F2DDF-D2FD-4846-9490-990F1AA59E0C 
09/26/2016 01:45:42.394 	com.microsoft.Word	0xb0115000	                        com.microsoft.Word	Logging Liblet	ib12r	Information 	CustomerLoggingEnabled check {"PreviousEnabledState": false, "PreviousSessionCount": 0, "NewEnabledState": false, "NewSessionCount": 0}	5E7F2DDF-D2FD-4846-9490-990F1AA59E0C 
09/26/2016 01:45:42.394 	com.microsoft.Word	0xb0219000	                        com.microsoft.Word	Logging Liblet	a2lez	Information 	Logging liblet initialized.	5E7F2DDF-D2FD-4846-9490-990F1AA59E0C 
09/26/2016 01:45:42.398 	com.microsoft.Word	0xb0115000	                        com.microsoft.Word	Identity Authentication Client	awuug	Information 	[IdentityManager] CreateProfileManagerIfNeeded {"Message": "Initializing Profiles."}	5E7F2DDF-D2FD-4846-9490-990F1AA59E0C 
09/26/2016 01:45:42.400 	com.microsoft.Word	0xb0081000	                        com.microsoft.Word	Experiment Liblet	bef14	Information 	In FlightManager::Init()	5E7F2DDF-D2FD-4846-9490-990F1AA59E0C 
09/26/2016 01:45:42.401 	com.microsoft.Word	0xb0219000	                        com.microsoft.Word	Experiment Liblet	bdlx2	Information 	FeatureList {"Source": "Ecs", "FeatureName": "ofk455qfv2wuij0"}	5E7F2DDF-D2FD-4846-9490-990F1AA59E0C 
09/26/2016 01:45:42.401 	com.microsoft.Word	0xb0081000	                        com.microsoft.Word	Experiment Liblet	bdlx2	Information 	FeatureList {"Source": "Ecs", "FeatureName": "ofefwxmcm15ktn0"}	5E7F2DDF-D2FD-4846-9490-990F1AA59E0C 
09/26/2016 01:45:42.401 	com.microsoft.Word	0xb0081000	                        com.microsoft.Word	Experiment Liblet	bdlx2	Information 	FeatureList {"Source": "Ecs", "FeatureName": "of2123d2f3tdkw0"}	5E7F2DDF-D2FD-4846-9490-990F1AA59E0C 
09/26/2016 01:45:42.401 	com.microsoft.Word	0xb0081000	                        com.microsoft.Word	Experiment Liblet	bdlx2	Information 	FeatureList {"Source": "Ecs", "FeatureName": "ofhe6bvz6rul4q0"}	5E7F2DDF-D2FD-4846-9490-990F1AA59E0C 
09/26/2016 01:45:42.401 	com.microsoft.Word	0xb0081000	                        com.microsoft.Word	Experiment Liblet	bdlx2	Information 	FeatureList {"Source": "Ecs", "FeatureName": "ofa11ax6qwtmfc0"}	5E7F2DDF-D2FD-4846-9490-990F1AA59E0C 
09/26/2016 01:45:42.401 	com.microsoft.Word	0xb0081000	                        com.microsoft.Word	Experiment Liblet	bdlx2	Information 	FeatureList {"Source": "Ecs", "FeatureName": "of24c465f5qmvv0"}	5E7F2DDF-D2FD-4846-9490-990F1AA59E0C 
09/26/2016 01:45:42.401 	com.microsoft.Word	0xb0081000	                        com.microsoft.Word	Experiment Liblet	bcjel	Information 	Could not get stored Dogfood string	5E7F2DDF-D2FD-4846-9490-990F1AA59E0C 
09/26/2016 01:45:42.403 	com.microsoft.Word	0xb0219000	                        com.microsoft.Word	Experiment Liblet	bd9vd	Information 	In PopulateFeatureNameForFlight {"FeatureName": "Microsoft.Office.Experiment.PollingDuration", "Flight Name": "ofecgl4pfbgfif0"}	5E7F2DDF-D2FD-4846-9490-990F1AA59E0C 
09/26/2016 01:45:42.403 	com.microsoft.Word	0xb031d000	                        com.microsoft.Word	Experiment Liblet	bbpzt	Information 	CachedFlightsNumberLineInfo {"CachedFlightsNumberLineInfo": "preallocation=allexpusers"}	5E7F2DDF-D2FD-4846-9490-990F1AA59E0C 
09/26/2016 01:45:42.403 	com.microsoft.Word	0xb031d000	                        com.microsoft.Word	Experiment Liblet	bekuu	Information 	Setting the callback for validation.	5E7F2DDF-D2FD-4846-9490-990F1AA59E0C 
09/26/2016 01:45:42.403 	com.microsoft.Word	0xb031d000	                        com.microsoft.Word	Experiment Liblet	bdlx1	Information 	Could not retrieve flights from persistent cache	5E7F2DDF-D2FD-4846-9490-990F1AA59E0C 
09/26/2016 01:45:42.403 	com.microsoft.Word	0xb031d000	                        com.microsoft.Word	Experiment Liblet	benmp	Information 	Creating Edge request {"RequestGUID": "AB1CD358-9E5E-684A-81C0-B61070F5E177"}	5E7F2DDF-D2FD-4846-9490-990F1AA59E0C 
09/26/2016 01:45:42.403 	com.microsoft.Word	0xb0081000	                        com.microsoft.Word	Rules Engine	ib6oq	Information 		5E7F2DDF-D2FD-4846-9490-990F1AA59E0C 
09/26/2016 01:45:42.431 	com.microsoft.Word	0xb072d000	                        com.microsoft.Word	Identity Authentication Client	awuur	Information 	[IdentityManager] AreCredsDifferent {"Message": "Background Tasks with differences.", "IdentityProvider": "ADAL", "Size": 0}	5E7F2DDF-D2FD-4846-9490-990F1AA59E0C 
09/26/2016 01:45:42.432 	com.microsoft.Word	0xb0629000	                        com.microsoft.Word	IdentityAuthenticationCredStore	ibzd0	Information 	[COfficeCredStore] GetAuthScheme {"Message": "AuthScheme for Url.", "Proxy": "Proxy", "Url": "<Url is PII>", "AuthScheme": 0}	5E7F2DDF-D2FD-4846-9490-990F1AA59E0C 
09/26/2016 01:45:42.433 	com.microsoft.Word	0xb0629000	                        com.microsoft.Word	IdentityDocToServiceMapping	azr7p	Information 	[DocToServiceMapping] GetLiveIdServiceParams {"Message": "No service params for Url.", "Url": "<Url is PII>", "DomainOnly": false}	5E7F2DDF-D2FD-4846-9490-990F1AA59E0C 
09/26/2016 01:45:42.433 	com.microsoft.Word	0xb0629000	                        com.microsoft.Word	IdentityAuthenticationCredStore	ibzd0	Information 	[COfficeCredStore] GetAuthScheme {"Message": "AuthScheme for Url.", "Proxy": "Server", "Url": "<Url is PII>", "AuthScheme": 0}	5E7F2DDF-D2FD-4846-9490-990F1AA59E0C 
09/26/2016 01:45:42.448 	com.microsoft.Word	0xb0629000	                        com.microsoft.Word	TimerScope	ian13	Information 	{"_originalTraceTime": 2016-09-26T01:45:42Z, "ID": "word.bootMainToActive", "Instance": 1, "Action": "Start"}	5E7F2DDF-D2FD-4846-9490-990F1AA59E0C 
09/26/2016 01:45:42.448 	com.microsoft.Word	0xb0629000	                        com.microsoft.Word	WLM	ib6vf	Information 	Registry Load Time {"_originalTraceTime": 2016-09-26T01:45:42Z, "Seconds": 0.006967, "Keys": 344, "Values": 2409}	5E7F2DDF-D2FD-4846-9490-990F1AA59E0C 
09/26/2016 01:45:42.448 	com.microsoft.Word	0xb0629000	                        com.microsoft.Word	Performance Hang Detection	ibyng	Information 	Hang detection started. {"_originalTraceTime": 2016-09-26T01:45:42Z}	5E7F2DDF-D2FD-4846-9490-990F1AA59E0C 
09/26/2016 01:45:42.448 	com.microsoft.Word	0xb031d000	                        com.microsoft.Word	MbuFont	ibutp	Information 	{"_originalTraceTime": 2016-09-26T01:45:42Z, "NumFonts": 610, "NumCreatedFonts": 40, "NumErsatzFonts": 0}	5E7F2DDF-D2FD-4846-9490-990F1AA59E0C 
09/26/2016 01:45:42.450 	com.microsoft.Word	0xb0629000	                        com.microsoft.Word	merp.sqm.public	iam9v	Information 	Configuration {"DATAID_NUM_PROC":4,"LocaleCurrent":"en_US","DATAID_BUILD_REVISION":5,"DATAID_OS_MAJORVERSION":10,"DATAID_PROC_SPEED":2800,"DATAID_MEMORY":8192,"DATAID_OS_MINORVERSION":11,"DATAID_OFFICE_SKU_LANG":1033,"DATAID_OFFICE_UI_LANG":1033,"DATAID_APPMINORVER":22,"DATAID_APPVER":1,"LocalePreferred":"en","DATAID_APPVERDOT":160512,"DATAID_APPMAJORVER":15,"ProcessorID":7,"MachineKind":"iMac16,2","LocaleCountryCodeCurrent":"US"}	5E7F2DDF-D2FD-4846-9490-990F1AA59E0C 
09/26/2016 01:45:42.450 	com.microsoft.Word	0xb0629000	                        com.microsoft.Word	merp.sqm.public	iam9t	Information 	{"UserGuid":"1316927150-61553-5943-ec196e3ea5b79eb"}	5E7F2DDF-D2FD-4846-9490-990F1AA59E0C 
09/26/2016 01:45:42.450 	com.microsoft.Word	0xb0629000	                        com.microsoft.Word	merp.sqm.public	iam9u	Information 	{"MachineGuid":"1316927150-61553-5943-236196e3ea5b79eb"}	5E7F2DDF-D2FD-4846-9490-990F1AA59E0C 
09/26/2016 01:45:42.450 	com.microsoft.Word	0xb0629000	                        com.microsoft.Word	MbuInstrument	ib78a	Information 	Accessibility Settings {"IncreaseContrast": false, "DifferentiateWithoutColor": false, "ReduceTransparency": false, "UAZoomEnabled": false}	5E7F2DDF-D2FD-4846-9490-990F1AA59E0C 
09/26/2016 01:45:42.462 	com.microsoft.Word	0xb0831000	                        com.microsoft.Word	Memory Resource Usage	a5ia1	Information 	CurrentProcessWideMemoryUsage {"ScopeInstance": 3, "BytesUsedDelta": 1249280, "BytesUsedAtComplete": 62951424}	5E7F2DDF-D2FD-4846-9490-990F1AA59E0C 
09/26/2016 01:45:42.464 	com.microsoft.Word	0xb0831000	                        com.microsoft.Word	Scope Summary	a5ia1	Information 	{"ScopeName": "Mso::Telemetry::RuleManager::LoadXmlRules", "StartTime": 2016-09-26T01:45:42Z, "DurationToCompleteInMilliseconds": 12, "DurationToCompleteInMillisecondsHighPrecision": 12.962575, "ScopeInstance": 3, "ScopeParentInstance": 0, "TopActivityInstance": 3, "Success": true}	5E7F2DDF-D2FD-4846-9490-990F1AA59E0C 
09/26/2016 01:45:42.498 	com.microsoft.Word	0xb0197000	                        com.microsoft.Word	Experiment Liblet	bdlxx	Information 	EDGE request GUID and response numberline info {"RequestGUID": "AB1CD358-9E5E-684A-81C0-B61070F5E177", "FlightNumberlineInfo": "preallocation=userbasedstrategy"}	5E7F2DDF-D2FD-4846-9490-990F1AA59E0C 
09/26/2016 01:45:42.512 	com.microsoft.Word	0xb0197000	                        com.microsoft.Word	Experiment Liblet	bbpzs	Information 	FlightNumberlineInfo {"FlightNumberlineInfo": "preallocation=userbasedstrategy", "LockType": 2, "ECSConfigs": "P-R-18363-1-8,P-R-18651-3-7,P-R-18924-1-7,P-R-18164-26268-3,P-R-18351-2-4,P-R-19279-1-3,P-R-19354-1-3"}	5E7F2DDF-D2FD-4846-9490-990F1AA59E0C 
09/26/2016 01:45:42.824 	com.microsoft.Word	0xb0197000	                        com.microsoft.Word	WebServiceApi	ayvua	Information 	[ServiceRequestHelper] ProcessRequest {"Message": "Request was Successfully processed", "RequestId": 1, "HttpStatusCode": 200}	5E7F2DDF-D2FD-4846-9490-990F1AA59E0C 
09/26/2016 01:45:42.828 	com.microsoft.Word	0xb0197000	                        com.microsoft.Word	Identity SharedCred Client	a9iej	Information 	[SharedCred] LoadAllCreds {"Message": "Loading stored credentials for prefix.", "CredType": "live:cid="}	5E7F2DDF-D2FD-4846-9490-990F1AA59E0C 
09/26/2016 01:45:42.828 	com.microsoft.Word	0xb0115000	                        com.microsoft.Word	Identity Authentication Client	awuur	Information 	[IdentityManager] AreCredsDifferent {"Message": "Background Tasks with differences.", "IdentityProvider": "LiveId", "Size": 0}	5E7F2DDF-D2FD-4846-9490-990F1AA59E0C 
09/26/2016 01:45:42.829 	com.microsoft.Word	0xb0115000	                        com.microsoft.Word	Identity SharedCred Client	a9iej	Information 	[SharedCred] LoadAllCreds {"Message": "Loading stored credentials for prefix.", "CredType": "ADAL:"}	5E7F2DDF-D2FD-4846-9490-990F1AA59E0C 
09/26/2016 01:45:42.829 	com.microsoft.Word	0xb0115000	                        com.microsoft.Word	IdentityADALClient	a0kaz	Information 	[ADALLibrary] InitIdentities {"Message": "Initializing ADAL identities."}	5E7F2DDF-D2FD-4846-9490-990F1AA59E0C 
09/26/2016 01:45:42.829 	com.microsoft.Word	0xb0115000	                        com.microsoft.Word	Identity Authentication Client	awuu4	Information 	[IdentityManager] ReloadIdentities {"Message": "Reloading identities for identity provider.", "IdentityProvider": "ADAL"}	5E7F2DDF-D2FD-4846-9490-990F1AA59E0C 
09/26/2016 01:45:42.829 	com.microsoft.Word	0xb0115000	                        com.microsoft.Word	Identity Authentication Client	awuu6	Information 	[IdentityManager] ReloadIdentities {"Message": "Skipping initialization of identities from creds for provider.", "IdentityProvider": "ADAL"}	5E7F2DDF-D2FD-4846-9490-990F1AA59E0C 
09/26/2016 01:45:42.829 	com.microsoft.Word	0xb0115000	                        com.microsoft.Word	Identity Authentication Client	awuu4	Information 	[IdentityManager] ReloadIdentities {"Message": "Reloading identities for identity provider.", "IdentityProvider": "SSPI"}	5E7F2DDF-D2FD-4846-9490-990F1AA59E0C 
09/26/2016 01:45:42.829 	com.microsoft.Word	0xb0115000	                        com.microsoft.Word	Identity SharedCred Client	a9iej	Information 	[SharedCred] LoadAllCreds {"Message": "Loading stored credentials for prefix.", "CredType": "SSPI:"}	5E7F2DDF-D2FD-4846-9490-990F1AA59E0C 
09/26/2016 01:45:42.829 	com.microsoft.Word	0xb0197000	                        com.microsoft.Word	Identity Authentication Client	awuu7	Information 	[IdentityManager] ReloadIdentities {"Message": "IdentityProvider has 0 identities."}	5E7F2DDF-D2FD-4846-9490-990F1AA59E0C 
09/26/2016 01:45:42.829 	com.microsoft.Word	0xb0197000	                        com.microsoft.Word	Identity Authentication Client	awuws	Information 	[ProfileManager] RunBackgroundTasks {"Message": "Background tasks: profile count.", "ProfileListSize": 0}	5E7F2DDF-D2FD-4846-9490-990F1AA59E0C 
09/26/2016 01:45:42.829 	com.microsoft.Word	0xb0197000	                        com.microsoft.Word	Identity Authentication Client	awuxb	Information 	[ProfileManager] CreateConnectedProfileIfNeeded {"Message": "Looking for Connected account for profile."}	5E7F2DDF-D2FD-4846-9490-990F1AA59E0C 
09/26/2016 01:45:42.829 	com.microsoft.Word	0xb0197000	                        com.microsoft.Word	Identity Authentication Client	awuww	Information 	[ProfileManager] RunBackgroundTasks {"Message": "Looking for single persisted OrgId/ADAL identity for profile."}	5E7F2DDF-D2FD-4846-9490-990F1AA59E0C 
09/26/2016 01:45:42.829 	com.microsoft.Word	0xb0197000	                        com.microsoft.Word	Licensing client liblet	ibwic	Information 	License State {"Type": "Perpetual License", "OLSLicenseId": "02992-000-000010", "ACID": null, "DidRunPreview": "No", "UserId": ""}	5E7F2DDF-D2FD-4846-9490-990F1AA59E0C 
09/26/2016 01:45:42.830 	com.microsoft.Word	0xb0115000	                        com.microsoft.Word	Experiment Liblet	bd9vd	Information 	In PopulateFeatureNameForFlight {"FeatureName": "Microsoft.Office.Graphics.FastAcc", "Flight Name": "ofas3eiflxlznq0"}	5E7F2DDF-D2FD-4846-9490-990F1AA59E0C 
09/26/2016 01:45:42.830 	com.microsoft.Word	0xb0115000	                        com.microsoft.Word	Experiment Liblet	a9a2s	Information 	Feature Query Status {"FeatureName": "Microsoft.Office.Graphics.FastAcc", "FlightName": "ofas3eiflxlznq0", "Scope": 0, "IsInScope": false, "TreatmentValue": false}	5E7F2DDF-D2FD-4846-9490-990F1AA59E0C 
09/26/2016 01:45:43.019 	com.microsoft.Word	0xb0197000	                        com.microsoft.Word	MbuInstrument	ibxdj	Warning 	Standard error {"Message": "2016-09-25 21:45:43.018 Microsoft Word[7073:552491] NSAllowAppKitWeakReferences=YES"}	5E7F2DDF-D2FD-4846-9490-990F1AA59E0C 
09/26/2016 01:45:43.094 	com.microsoft.Word	0xb06ab000	                        com.microsoft.Word	CocoaUI.ThemePreferences	ibidz	Information 	Initial Boot Theme {"CUIThemePreferencesType": 0}	5E7F2DDF-D2FD-4846-9490-990F1AA59E0C 
09/26/2016 01:45:43.101 	com.microsoft.Word	0xb0197000	                        com.microsoft.Word	MbuInstrument	ibxdj	Warning 	Standard error {"Message": "2016-09-25 21:45:43.100 Microsoft Word[7073:552491] ApplePersistenceIgnoreState: Existing state will not be touched. New state will be written to /var/folders/fr/zlm0cdnd05j9bx062ncnbgxsv3yfh1/T/com.microsoft.Word/com.microsoft.Word.savedState"}	5E7F2DDF-D2FD-4846-9490-990F1AA59E0C 
09/26/2016 01:45:43.194 	com.microsoft.Word	0xb0629000	                        com.microsoft.Word	Identity Authentication Client	a2ouq	Information 	[ProfileManager] GetSystemUserProfile {"Message": "No default identity"}	5E7F2DDF-D2FD-4846-9490-990F1AA59E0C 
09/26/2016 01:45:43.196 	com.microsoft.Word	0xb0629000	                        com.microsoft.Word	OfficeServicesManager	a1t8f	Information 	OfficeServicesManagerBase::GetConnectedServices {"Message": "GetConnectedServices() was called."}	5E7F2DDF-D2FD-4846-9490-990F1AA59E0C 
09/26/2016 01:45:43.198 	com.microsoft.Word	0xb0629000	                        com.microsoft.Word	FileUIKit	iam60	Information 	[ConnectedServicesCallback] ServicesNotification {"AddedServices": 0, "TypeOfAddedServices": "", "RemovedServices": 0, "TypeOfRemovedServices": ""}	5E7F2DDF-D2FD-4846-9490-990F1AA59E0C 
09/26/2016 01:45:43.199 	com.microsoft.Word	0xb0629000	                        com.microsoft.Word	OfficeServicesManager	a11to	Information 	[OfficeServicesManagerBase] GetConnectedServices {"Message": "GetConnectedServices() returned synchronously.", "UserId": null, "Capabilities": 16385, "Options": 6}	5E7F2DDF-D2FD-4846-9490-990F1AA59E0C 
09/26/2016 01:45:43.201 	com.microsoft.Word	0xb0219000	                        com.microsoft.Word	IdentityAuthenticationCredStore	ibzd0	Information 	[COfficeCredStore] GetAuthScheme {"Message": "AuthScheme for Url.", "Proxy": "Proxy", "Url": "<Url is PII>", "AuthScheme": 0}	5E7F2DDF-D2FD-4846-9490-990F1AA59E0C 
09/26/2016 01:45:43.201 	com.microsoft.Word	0xb0219000	                        com.microsoft.Word	IdentityDocToServiceMapping	azr7p	Information 	[DocToServiceMapping] GetLiveIdServiceParams {"Message": "No service params for Url.", "Url": "<Url is PII>", "DomainOnly": false}	5E7F2DDF-D2FD-4846-9490-990F1AA59E0C 
09/26/2016 01:45:43.201 	com.microsoft.Word	0xb0219000	                        com.microsoft.Word	IdentityAuthenticationCredStore	ibzd0	Information 	[COfficeCredStore] GetAuthScheme {"Message": "AuthScheme for Url.", "Proxy": "Server", "Url": "<Url is PII>", "AuthScheme": 0}	5E7F2DDF-D2FD-4846-9490-990F1AA59E0C 
09/26/2016 01:45:43.222 	com.microsoft.Word	0xb06ab000	                        com.microsoft.Word	IdentityAuthenticationCredStore	ibzdd	Information 	[COfficeCredStore] InitInstance {"Message": "InitInstance succeeded!"}	5E7F2DDF-D2FD-4846-9490-990F1AA59E0C 
09/26/2016 01:45:43.227 	com.microsoft.Word	0xb06ab000	                        com.microsoft.Word	OfficeServicesManager	a1t8f	Information 	OfficeServicesManagerBase::GetConnectedServices {"Message": "GetConnectedServices() was called."}	5E7F2DDF-D2FD-4846-9490-990F1AA59E0C 
09/26/2016 01:45:43.227 	com.microsoft.Word	0xb06ab000	                        com.microsoft.Word	FileUIKit	iam60	Information 	[ConnectedServicesCallback] ServicesNotification {"AddedServices": 0, "TypeOfAddedServices": "", "RemovedServices": 0, "TypeOfRemovedServices": ""}	5E7F2DDF-D2FD-4846-9490-990F1AA59E0C 
09/26/2016 01:45:43.227 	com.microsoft.Word	0xb06ab000	                        com.microsoft.Word	OfficeServicesManager	a11to	Information 	[OfficeServicesManagerBase] GetConnectedServices {"Message": "GetConnectedServices() returned synchronously.", "UserId": null, "Capabilities": 16385, "Options": 22}	5E7F2DDF-D2FD-4846-9490-990F1AA59E0C 
09/26/2016 01:45:43.286 	com.microsoft.Word	0xb0219000	                        com.microsoft.Word	OfficeSpace_DesktopClickstream	ibur2	Information 	Clickstream Logging {"tcid": 23392, "tcidParent": 0}	5E7F2DDF-D2FD-4846-9490-990F1AA59E0C 
09/26/2016 01:45:43.390 	com.microsoft.Word	0xb0219000	                        com.microsoft.Word	Experiment Liblet	bd9vd	Information 	In PopulateFeatureNameForFlight {"FeatureName": "Microsoft.Office.Word.AXTableEditing", "Flight Name": "ofdqmachtdaur40"}	5E7F2DDF-D2FD-4846-9490-990F1AA59E0C 
09/26/2016 01:45:43.390 	com.microsoft.Word	0xb0219000	                        com.microsoft.Word	Experiment Liblet	bddu6	Information 	Feature Query Status {"FeatureName": "Microsoft.Office.Word.AXTableEditing", "FlightName": "ofdqmachtdaur40", "TreatmentValue": 0}	5E7F2DDF-D2FD-4846-9490-990F1AA59E0C 
09/26/2016 01:45:43.391 	com.microsoft.Word	0xb0219000	                        com.microsoft.Word	Experiment Liblet	bd9vd	Information 	In PopulateFeatureNameForFlight {"FeatureName": "Microsoft.Office.Outlook.TableSupport", "Flight Name": "ofilfmq4laqux40"}	5E7F2DDF-D2FD-4846-9490-990F1AA59E0C 
09/26/2016 01:45:43.391 	com.microsoft.Word	0xb0219000	                        com.microsoft.Word	Experiment Liblet	bddu6	Information 	Feature Query Status {"FeatureName": "Microsoft.Office.Outlook.TableSupport", "FlightName": "ofilfmq4laqux40", "TreatmentValue": 0}	5E7F2DDF-D2FD-4846-9490-990F1AA59E0C 
09/26/2016 01:45:43.391 	com.microsoft.Word	0xb0219000	                        com.microsoft.Word	Experiment Liblet	bd9vd	Information 	In PopulateFeatureNameForFlight {"FeatureName": "Microsoft.Office.Word.EnableWebScalingZoomReset", "Flight Name": "ofanpaeym3wxlz0"}	5E7F2DDF-D2FD-4846-9490-990F1AA59E0C 
09/26/2016 01:45:43.391 	com.microsoft.Word	0xb0219000	                        com.microsoft.Word	Experiment Liblet	bddu6	Information 	Feature Query Status {"FeatureName": "Microsoft.Office.Word.EnableWebScalingZoomReset", "FlightName": "ofanpaeym3wxlz0", "TreatmentValue": 1}	5E7F2DDF-D2FD-4846-9490-990F1AA59E0C 
09/26/2016 01:45:43.391 	com.microsoft.Word	0xb0219000	                        com.microsoft.Word	Experiment Liblet	bd9vd	Information 	In PopulateFeatureNameForFlight {"FeatureName": "Microsoft.Office.Word.ShowPasteboardPrintLayout", "Flight Name": "ofdl6xkd31gki20"}	5E7F2DDF-D2FD-4846-9490-990F1AA59E0C 
09/26/2016 01:45:43.391 	com.microsoft.Word	0xb0219000	                        com.microsoft.Word	Experiment Liblet	bddu6	Information 	Feature Query Status {"FeatureName": "Microsoft.Office.Word.ShowPasteboardPrintLayout", "FlightName": "ofdl6xkd31gki20", "TreatmentValue": 1}	5E7F2DDF-D2FD-4846-9490-990F1AA59E0C 
09/26/2016 01:45:43.391 	com.microsoft.Word	0xb0219000	                        com.microsoft.Word	Experiment Liblet	bd9vd	Information 	In PopulateFeatureNameForFlight {"FeatureName": "Microsoft.Office.Word.ContentControls", "Flight Name": "of3og1haea5zna0"}	5E7F2DDF-D2FD-4846-9490-990F1AA59E0C 
09/26/2016 01:45:43.391 	com.microsoft.Word	0xb0219000	                        com.microsoft.Word	Experiment Liblet	bddu6	Information 	Feature Query Status {"FeatureName": "Microsoft.Office.Word.ContentControls", "FlightName": "of3og1haea5zna0", "TreatmentValue": 0}	5E7F2DDF-D2FD-4846-9490-990F1AA59E0C 
09/26/2016 01:45:43.391 	com.microsoft.Word	0xb0219000	                        com.microsoft.Word	Experiment Liblet	bd9vd	Information 	In PopulateFeatureNameForFlight {"FeatureName": "Microsoft.Office.Word.NewProofingLogic", "Flight Name": "of2123d2f3tdkw0"}	5E7F2DDF-D2FD-4846-9490-990F1AA59E0C 
09/26/2016 01:45:43.391 	com.microsoft.Word	0xb0219000	                        com.microsoft.Word	Experiment Liblet	bddu6	Information 	Feature Query Status {"FeatureName": "Microsoft.Office.Word.NewProofingLogic", "FlightName": "of2123d2f3tdkw0", "TreatmentValue": 1}	5E7F2DDF-D2FD-4846-9490-990F1AA59E0C 
09/26/2016 01:45:43.391 	com.microsoft.Word	0xb0219000	                        com.microsoft.Word	Experiment Liblet	bd9vd	Information 	In PopulateFeatureNameForFlight {"FeatureName": "Microsoft.Office.Word.UseBCSForPDFConversion", "Flight Name": "ofsdr6zu5duwrk0"}	5E7F2DDF-D2FD-4846-9490-990F1AA59E0C 
09/26/2016 01:45:43.391 	com.microsoft.Word	0xb0219000	                        com.microsoft.Word	Experiment Liblet	bddu6	Information 	Feature Query Status {"FeatureName": "Microsoft.Office.Word.UseBCSForPDFConversion", "FlightName": "ofsdr6zu5duwrk0", "TreatmentValue": 0}	5E7F2DDF-D2FD-4846-9490-990F1AA59E0C 
09/26/2016 01:45:43.391 	com.microsoft.Word	0xb0219000	                        com.microsoft.Word	MBU Ungraceful Exit Logging	ibak3	Information 	Previous process session exited gracefully {"ExitWasGraceful": true, "SessionId": "4456ACF1-030B-4D72-979E-80541CD9CBD3", "SessionStartTime": 2016-08-22T19:30:51Z, "SessionVersion": "15.22.1", "SessionBuildNumber": "160512", "ExceptionEnum": 268435456, "SessionDuration": 2001-01-01T00:00:08Z, "StackHash": "0be2", "MERPSessionID": "638B3A20-6614-45D0-A3BE-5DF8EE980C57", "SessionIDSMatch": false}	5E7F2DDF-D2FD-4846-9490-990F1AA59E0C 
09/26/2016 01:45:43.406 	com.microsoft.Word	0xb0219000	                        com.microsoft.Word	Mbukernel	ib7u3	Information 	MBUApplication Boot Start {"bootTimeStaticInit": 570434229106, "bootTimeMainStart": 570434371580, "bootTimeFinishLaunchStart": 570434403132, "bootTimeFinishLaunchEnd": 570435548037}	5E7F2DDF-D2FD-4846-9490-990F1AA59E0C 
09/26/2016 01:45:43.425 	com.microsoft.Word	0xb06ab000	                        com.microsoft.Word	TimerScope	ian13	Information 	{"ID": "word.open", "Instance": 2, "Action": "Start"}	5E7F2DDF-D2FD-4846-9490-990F1AA59E0C 
09/26/2016 01:45:43.465 	com.microsoft.Word	0xb0219000	                        com.microsoft.Word	OUIRibbonGroupTitles	iblk8	Information 	Ribbon Group Titles Preference on Launch {"ShouldShowGroupTitles": false}	5E7F2DDF-D2FD-4846-9490-990F1AA59E0C 
09/26/2016 01:45:43.801 	com.microsoft.Word	0xb0197000	                        com.microsoft.Word	Word Display	icdqr	Information 	UpdateWwdStart {"pdod": 0x0x799c9800, "Doc Kind": "Doc", "pmwd": 0x0x7c1cfc60, "hwwd": 0x0x7a99ee78, "hwnd": 0x000000x0, "View Type": "Draft", "Pct Zoom": 100, "RM View": true, "rcwDisp.xp": 0, "rcwDisp.yp": 0, "rcwDisp.dxp": 1215, "rcwDisp.dyp": 818}	5E7F2DDF-D2FD-4846-9490-990F1AA59E0C 
09/26/2016 01:45:43.809 	com.microsoft.Word	0xb0197000	                        com.microsoft.Word	Word Display	icdqp	Information 	UpdateWwdStop	5E7F2DDF-D2FD-4846-9490-990F1AA59E0C 
09/26/2016 01:45:43.831 	com.microsoft.Word	0xb0197000	                        com.microsoft.Word	WebServiceApi	ayvua	Information 	[ServiceRequestHelper] ProcessRequest {"Message": "Request was Successfully processed", "RequestId": 2, "HttpStatusCode": 200}	5E7F2DDF-D2FD-4846-9490-990F1AA59E0C 
09/26/2016 01:45:43.831 	com.microsoft.Word	0xb0197000	                        com.microsoft.Word	OfficeServicesManager	a11tv	Information 	[CatalogRequestCallback] OnSuccessStruct {"Message": "The web call to fetch the service catalog succeeded."}	5E7F2DDF-D2FD-4846-9490-990F1AA59E0C 
09/26/2016 01:45:43.862 	com.microsoft.Word	0xb0197000	                        com.microsoft.Word	Word View	ib760	Information 	WwdViewTypeChange {"Caller": "CmdPageViewOnCpSee", "pdodMain": 0x0x799c9800, "pmwd": 0x0x7c1cfc60, "hwwd": 0x0x7a99ee78, "Old View Type": "Draft", "New View Type": "Page"}	5E7F2DDF-D2FD-4846-9490-990F1AA59E0C 
09/26/2016 01:45:43.868 	com.microsoft.Word	0xb0197000	                        com.microsoft.Word	Word Display	icdqr	Information 	UpdateWwdStart {"pdod": 0x0x799c9800, "Doc Kind": "Doc", "pmwd": 0x0x7c1cfc60, "hwwd": 0x0x7a99ee78, "hwnd": 0x000000x0, "View Type": "Page", "Pct Zoom": 100, "RM View": true, "rcwDisp.xp": 0, "rcwDisp.yp": 0, "rcwDisp.dxp": 1215, "rcwDisp.dyp": 818}	5E7F2DDF-D2FD-4846-9490-990F1AA59E0C 
09/26/2016 01:45:43.874 	com.microsoft.Word	0xb0197000	                        com.microsoft.Word	Word Display	icdqp	Information 	UpdateWwdStop	5E7F2DDF-D2FD-4846-9490-990F1AA59E0C 
09/26/2016 01:45:43.875 	com.microsoft.Word	0xb0197000	                        com.microsoft.Word	Word Display	icdqr	Information 	UpdateWwdStart {"pdod": 0x0x799c9800, "Doc Kind": "Doc", "pmwd": 0x0x7c1cfc60, "hwwd": 0x0x7a99ee78, "hwnd": 0x000000x0, "View Type": "Page", "Pct Zoom": 100, "RM View": true, "rcwDisp.xp": 0, "rcwDisp.yp": 0, "rcwDisp.dxp": 1230, "rcwDisp.dyp": 833}	5E7F2DDF-D2FD-4846-9490-990F1AA59E0C 
09/26/2016 01:45:43.875 	com.microsoft.Word	0xb0197000	                        com.microsoft.Word	Word Display	icdqp	Information 	UpdateWwdStop	5E7F2DDF-D2FD-4846-9490-990F1AA59E0C 
09/26/2016 01:45:43.875 	com.microsoft.Word	0xb0197000	                        com.microsoft.Word	Word Display	icdqr	Information 	UpdateWwdStart {"pdod": 0x0x799c9800, "Doc Kind": "Doc", "pmwd": 0x0x7c1cfc60, "hwwd": 0x0x7a99ee78, "hwnd": 0x000000x0, "View Type": "Page", "Pct Zoom": 100, "RM View": true, "rcwDisp.xp": 0, "rcwDisp.yp": 0, "rcwDisp.dxp": 1230, "rcwDisp.dyp": 833}	5E7F2DDF-D2FD-4846-9490-990F1AA59E0C 
09/26/2016 01:45:43.875 	com.microsoft.Word	0xb0197000	                        com.microsoft.Word	Word Display	icdqp	Information 	UpdateWwdStop	5E7F2DDF-D2FD-4846-9490-990F1AA59E0C 
09/26/2016 01:45:43.903 	com.microsoft.Word	0xb0219000	                        com.microsoft.Word	Word Display	icdqr	Information 	UpdateWwdStart {"pdod": 0x0x799c9800, "Doc Kind": "Doc", "pmwd": 0x0x7c1cfc60, "hwwd": 0x0x7a99ee78, "hwnd": 0x000000x0, "View Type": "Page", "Pct Zoom": 100, "RM View": true, "rcwDisp.xp": 0, "rcwDisp.yp": 0, "rcwDisp.dxp": 1230, "rcwDisp.dyp": 833}	5E7F2DDF-D2FD-4846-9490-990F1AA59E0C 
09/26/2016 01:45:43.903 	com.microsoft.Word	0xb0219000	                        com.microsoft.Word	Word Display	icdqp	Information 	UpdateWwdStop	5E7F2DDF-D2FD-4846-9490-990F1AA59E0C 
09/26/2016 01:45:44.003 	com.microsoft.Word	0xb0115000	                        com.microsoft.Word	TimerScope	ian14	Information 	{"ID": "word.open", "Instance": 2, "Action": "Stop", "Result": 577978}	5E7F2DDF-D2FD-4846-9490-990F1AA59E0C 
09/26/2016 01:45:44.003 	com.microsoft.Word	0xb0115000	                        com.microsoft.Word	FileProperty	ibbz0	Information 	File Open {"FileType": "", "FileSizeInKB": 0, "FileLocation": "LOCAL", "FileVersion": 15, "PageNumberCount": 1}	5E7F2DDF-D2FD-4846-9490-990F1AA59E0C 
09/26/2016 01:45:44.004 	com.microsoft.Word	0xb0115000	                        com.microsoft.Word	Word Logging	ib9s3	Information 	WDAppDelegate::applicationDidFinishLaunching:Start	5E7F2DDF-D2FD-4846-9490-990F1AA59E0C 
09/26/2016 01:45:44.005 	com.microsoft.Word	0xb0219000	                        com.microsoft.Word	Word Logging	ib9s9	Information 	WDAppDelegate::doSetupUIExperience:Start	5E7F2DDF-D2FD-4846-9490-990F1AA59E0C 
09/26/2016 01:45:44.005 	com.microsoft.Word	0xb0219000	                        com.microsoft.Word	Word Logging	ib9s8	Information 	WDAppDelegate::showDocStage	5E7F2DDF-D2FD-4846-9490-990F1AA59E0C 
09/26/2016 01:45:44.005 	com.microsoft.Word	0xb0219000	                        com.microsoft.Word	Word Logging	ib9ta	Information 	WDAppDelegate::doSetupUIExperience:End	5E7F2DDF-D2FD-4846-9490-990F1AA59E0C 
09/26/2016 01:45:44.005 	com.microsoft.Word	0xb0219000	                        com.microsoft.Word	Word Logging	ib9s4	Information 	WDAppDelegate::applicationDidFinishLaunching:End {"DidFinishLaunching": false, "ShowWhatsNew": true}	5E7F2DDF-D2FD-4846-9490-990F1AA59E0C 
09/26/2016 01:45:44.006 	com.microsoft.Word	0xb0219000	                        com.microsoft.Word	Mbukernel	ib7u4	Information 	MBUApplication Boot Finish {"bootTimeLaunchDidFinish": 570436148851}	5E7F2DDF-D2FD-4846-9490-990F1AA59E0C 
09/26/2016 01:45:44.062 	com.microsoft.Word	0xb06ab000	                        com.microsoft.Word	ARC Telemetry	a1b9g	Information 	Factory is attempting to create new device	5E7F2DDF-D2FD-4846-9490-990F1AA59E0C 
09/26/2016 01:45:44.156 	com.microsoft.Word	0xb0197000	                        com.microsoft.Word	Mbukernel	ib7u5	Information 	MBUApplication Boot Idle {"bootTimeIdle": 570436298791}	5E7F2DDF-D2FD-4846-9490-990F1AA59E0C 
09/26/2016 01:45:44.170 	com.microsoft.Word	0xb0197000	                        com.microsoft.Word	IdentityAuthenticationCredStore	ibzdd	Information 	[COfficeCredStore] InitInstance {"Message": "InitInstance succeeded!"}	5E7F2DDF-D2FD-4846-9490-990F1AA59E0C 
09/26/2016 01:45:44.178 	com.microsoft.Word	0xb06ab000	                        com.microsoft.Word	Csi Telemetry	ibqd7	Warning 	CSI reported an event {"TelemetryId": 666160, "TelemetryType": 777041, "ServerFileID": "", "Details": "", "FutureUse1": "", "FutureUse2": "", "FutureUse3": "", "FutureUse4": "", "FutureUse5": ""}	5E7F2DDF-D2FD-4846-9490-990F1AA59E0C 
09/26/2016 01:45:44.181 	com.microsoft.Word	0xb06ab000	                        com.microsoft.Word	MruServiceApi	axqsb	Information 	MruServiceApi: MruDocumentsApi: READ called {"UniqueId": "UnsignedUser", "Application": "Word", "Locale": "en-US", "MaxItems": 100, "ItemOptions": 14, "CorrelationId": "FD3EE806-C075-4C5D-92C3-7C566A5586DB"}	5E7F2DDF-D2FD-4846-9490-990F1AA59E0C 
09/26/2016 01:45:44.181 	com.microsoft.Word	0xb06ab000	                        com.microsoft.Word	MruServiceApi	axqsf	Information 	MruServiceApi: MruDocumentsApi: READ - cached items callback {"UniqueId": "UnsignedUser", "Application": "Word", "Locale": "en-US", "RequestDuration": 0, "NumberOfItems": 0, "MaxItems": 100}	5E7F2DDF-D2FD-4846-9490-990F1AA59E0C 
09/26/2016 01:45:44.181 	com.microsoft.Word	0xb0831000	                        com.microsoft.Word	Memory Resource Usage	beo99	Information 	CurrentProcessWideMemoryUsage {"ScopeInstance": 4, "BytesUsedDelta": 49152, "BytesUsedAtComplete": 100474880}	5E7F2DDF-D2FD-4846-9490-990F1AA59E0C 
09/26/2016 01:45:44.181 	com.microsoft.Word	0xb0831000	                        com.microsoft.Word	Scope Summary	beo99	Information 	{"ScopeName": "MruDocumentsApi::ReadRequest", "StartTime": 2016-09-26T01:45:44Z, "DurationToCompleteInMilliseconds": 0, "DurationToCompleteInMillisecondsHighPrecision": 0.218073, "ScopeInstance": 4, "ScopeParentInstance": 0, "TopActivityInstance": 4, "Success": true}	5E7F2DDF-D2FD-4846-9490-990F1AA59E0C 
09/26/2016 01:45:44.182 	com.microsoft.Word	0xb06ab000	                        com.microsoft.Word	MruServiceApi	axqsb	Information 	MruServiceApi: MruDocumentsApi: READ called {"UniqueId": "UnsignedUser", "Application": "Word", "Locale": "en-US", "MaxItems": 100, "ItemOptions": 14, "CorrelationId": "F22AD1D0-176D-4DFD-9544-A7E3BD222134"}	5E7F2DDF-D2FD-4846-9490-990F1AA59E0C 
09/26/2016 01:45:44.182 	com.microsoft.Word	0xb06ab000	                        com.microsoft.Word	MruServiceApi	axqsf	Information 	MruServiceApi: MruDocumentsApi: READ - cached items callback {"UniqueId": "UnsignedUser", "Application": "Word", "Locale": "en-US", "RequestDuration": 0, "NumberOfItems": 0, "MaxItems": 100}	5E7F2DDF-D2FD-4846-9490-990F1AA59E0C 
09/26/2016 01:45:44.182 	com.microsoft.Word	0xb06ab000	                        com.microsoft.Word	Memory Resource Usage	beo99	Information 	CurrentProcessWideMemoryUsage {"ScopeInstance": 5, "BytesUsedDelta": 0, "BytesUsedAtComplete": 100532224}	5E7F2DDF-D2FD-4846-9490-990F1AA59E0C 
09/26/2016 01:45:44.182 	com.microsoft.Word	0xb06ab000	                        com.microsoft.Word	Scope Summary	beo99	Information 	{"ScopeName": "MruDocumentsApi::ReadRequest", "StartTime": 2016-09-26T01:45:44Z, "DurationToCompleteInMilliseconds": 0, "DurationToCompleteInMillisecondsHighPrecision": 0.126247, "ScopeInstance": 5, "ScopeParentInstance": 0, "TopActivityInstance": 5, "Success": true}	5E7F2DDF-D2FD-4846-9490-990F1AA59E0C 
09/26/2016 01:45:44.184 	com.microsoft.Word	0xb06ab000	                        com.microsoft.Word	Word Display	icdqr	Information 	UpdateWwdStart {"pdod": 0x0x799c9800, "Doc Kind": "Doc", "pmwd": 0x0x7c1cfc60, "hwwd": 0x0x7a99ee78, "hwnd": 0x000000x0, "View Type": "Page", "Pct Zoom": 100, "RM View": true, "rcwDisp.xp": 0, "rcwDisp.yp": 0, "rcwDisp.dxp": 1230, "rcwDisp.dyp": 833}	5E7F2DDF-D2FD-4846-9490-990F1AA59E0C 
09/26/2016 01:45:44.184 	com.microsoft.Word	0xb0115000	                        com.microsoft.Word	Word Display	icdqp	Information 	UpdateWwdStop	5E7F2DDF-D2FD-4846-9490-990F1AA59E0C 
09/26/2016 01:45:44.186 	com.microsoft.Word	0xb0081000	                        com.microsoft.Word	Identity Authentication Client	a07y2	Warning 	[IdentityManager] GetIdentityForUniqueId {"Message": "Could not get identity for empty id."}	5E7F2DDF-D2FD-4846-9490-990F1AA59E0C 
09/26/2016 01:45:44.186 	com.microsoft.Word	0xb0081000	                        com.microsoft.Word	Identity Authentication Client	a07y2	Warning 	[IdentityManager] GetIdentityForUniqueId {"Message": "Could not get identity for empty id."}	5E7F2DDF-D2FD-4846-9490-990F1AA59E0C 
09/26/2016 01:45:44.190 	com.microsoft.Word	0xb0081000	                        com.microsoft.Word	Word Display	icdqr	Information 	UpdateWwdStart {"pdod": 0x0x799c9800, "Doc Kind": "Doc", "pmwd": 0x0x7c1cfc60, "hwwd": 0x0x7a99ee78, "hwnd": 0x000000x0, "View Type": "Page", "Pct Zoom": 100, "RM View": true, "rcwDisp.xp": 0, "rcwDisp.yp": 0, "rcwDisp.dxp": 1215, "rcwDisp.dyp": 818}	5E7F2DDF-D2FD-4846-9490-990F1AA59E0C 
09/26/2016 01:45:44.191 	com.microsoft.Word	0xb0081000	                        com.microsoft.Word	Word Display	icdqp	Information 	UpdateWwdStop	5E7F2DDF-D2FD-4846-9490-990F1AA59E0C 
09/26/2016 01:45:44.197 	com.microsoft.Word	0xb0115000	                        com.microsoft.Word	MruServiceApi	axqsb	Information 	MruServiceApi: MruDocumentsApi: READ called {"UniqueId": "UnsignedUser", "Application": "Word", "Locale": "en-US", "MaxItems": 100, "ItemOptions": 14, "CorrelationId": "714D2A22-9416-47B0-BD16-32F5EA249DBD"}	5E7F2DDF-D2FD-4846-9490-990F1AA59E0C 
09/26/2016 01:45:44.197 	com.microsoft.Word	0xb0115000	                        com.microsoft.Word	MruServiceApi	axqsf	Information 	MruServiceApi: MruDocumentsApi: READ - cached items callback {"UniqueId": "UnsignedUser", "Application": "Word", "Locale": "en-US", "RequestDuration": 0, "NumberOfItems": 0, "MaxItems": 100}	5E7F2DDF-D2FD-4846-9490-990F1AA59E0C 
09/26/2016 01:45:44.197 	com.microsoft.Word	0xb0115000	                        com.microsoft.Word	Memory Resource Usage	beo99	Information 	CurrentProcessWideMemoryUsage {"ScopeInstance": 6, "BytesUsedDelta": 0, "BytesUsedAtComplete": 100818944}	5E7F2DDF-D2FD-4846-9490-990F1AA59E0C 
09/26/2016 01:45:44.197 	com.microsoft.Word	0xb0115000	                        com.microsoft.Word	Scope Summary	beo99	Information 	{"ScopeName": "MruDocumentsApi::ReadRequest", "StartTime": 2016-09-26T01:45:44Z, "DurationToCompleteInMilliseconds": 0, "DurationToCompleteInMillisecondsHighPrecision": 0.116844, "ScopeInstance": 6, "ScopeParentInstance": 0, "TopActivityInstance": 6, "Success": true}	5E7F2DDF-D2FD-4846-9490-990F1AA59E0C 
09/26/2016 01:45:44.197 	com.microsoft.Word	0xb0115000	                        com.microsoft.Word	Identity Authentication Client	a07y2	Warning 	[IdentityManager] GetIdentityForUniqueId {"Message": "Could not get identity for empty id."}	5E7F2DDF-D2FD-4846-9490-990F1AA59E0C 
09/26/2016 01:45:44.197 	com.microsoft.Word	0xb0115000	                        com.microsoft.Word	MruServiceApi	axqsb	Information 	MruServiceApi: MruDocumentsApi: READ called {"UniqueId": "UnsignedUser", "Application": "Word", "Locale": "en-US", "MaxItems": 100, "ItemOptions": 14, "CorrelationId": "FA41DB9B-2D4C-47E4-9855-841A9C0382F3"}	5E7F2DDF-D2FD-4846-9490-990F1AA59E0C 
09/26/2016 01:45:44.197 	com.microsoft.Word	0xb0115000	                        com.microsoft.Word	MruServiceApi	axqsf	Information 	MruServiceApi: MruDocumentsApi: READ - cached items callback {"UniqueId": "UnsignedUser", "Application": "Word", "Locale": "en-US", "RequestDuration": 0, "NumberOfItems": 0, "MaxItems": 100}	5E7F2DDF-D2FD-4846-9490-990F1AA59E0C 
09/26/2016 01:45:44.197 	com.microsoft.Word	0xb0115000	                        com.microsoft.Word	Memory Resource Usage	beo99	Information 	CurrentProcessWideMemoryUsage {"ScopeInstance": 7, "BytesUsedDelta": 0, "BytesUsedAtComplete": 100818944}	5E7F2DDF-D2FD-4846-9490-990F1AA59E0C 
09/26/2016 01:45:44.197 	com.microsoft.Word	0xb0115000	                        com.microsoft.Word	Scope Summary	beo99	Information 	{"ScopeName": "MruDocumentsApi::ReadRequest", "StartTime": 2016-09-26T01:45:44Z, "DurationToCompleteInMilliseconds": 0, "DurationToCompleteInMillisecondsHighPrecision": 0.105451, "ScopeInstance": 7, "ScopeParentInstance": 0, "TopActivityInstance": 7, "Success": true}	5E7F2DDF-D2FD-4846-9490-990F1AA59E0C 
09/26/2016 01:45:44.197 	com.microsoft.Word	0xb0115000	                        com.microsoft.Word	Identity Authentication Client	a07y2	Warning 	[IdentityManager] GetIdentityForUniqueId {"Message": "Could not get identity for empty id."}	5E7F2DDF-D2FD-4846-9490-990F1AA59E0C 
09/26/2016 01:45:44.321 	com.microsoft.Word	0xb0831000	                        com.microsoft.Word	OfficeServicesManager	a11uh	Information 	[CallBackItem] NotifyCallback {"Message": "Callback was notified.", "UserId": ""}	5E7F2DDF-D2FD-4846-9490-990F1AA59E0C 
09/26/2016 01:45:44.321 	com.microsoft.Word	0xb0831000	                        com.microsoft.Word	FileUIKit	iam60	Information 	[ConnectedServicesCallback] ServicesNotification {"AddedServices": 0, "TypeOfAddedServices": "", "RemovedServices": 0, "TypeOfRemovedServices": ""}	5E7F2DDF-D2FD-4846-9490-990F1AA59E0C 
09/26/2016 01:45:44.322 	com.microsoft.Word	0xb0831000	                        com.microsoft.Word	OfficeServicesManager	a11uh	Information 	[CallBackItem] NotifyCallback {"Message": "Callback was notified.", "UserId": ""}	5E7F2DDF-D2FD-4846-9490-990F1AA59E0C 
09/26/2016 01:45:44.365 	com.microsoft.Word	0xb0081000	                        com.microsoft.Word	MruServiceApi	axqsb	Information 	MruServiceApi: MruDocumentsApi: READ called {"UniqueId": "UnsignedUser", "Application": "Word", "Locale": "en-US", "MaxItems": 100, "ItemOptions": 14, "CorrelationId": "806309A9-1572-4715-B0F3-F70484AB1904"}	5E7F2DDF-D2FD-4846-9490-990F1AA59E0C 
09/26/2016 01:45:44.365 	com.microsoft.Word	0xb0081000	                        com.microsoft.Word	MruServiceApi	axqsf	Information 	MruServiceApi: MruDocumentsApi: READ - cached items callback {"UniqueId": "UnsignedUser", "Application": "Word", "Locale": "en-US", "RequestDuration": 0, "NumberOfItems": 0, "MaxItems": 100}	5E7F2DDF-D2FD-4846-9490-990F1AA59E0C 
09/26/2016 01:45:44.365 	com.microsoft.Word	0xb0081000	                        com.microsoft.Word	Memory Resource Usage	beo99	Information 	CurrentProcessWideMemoryUsage {"ScopeInstance": 8, "BytesUsedDelta": 0, "BytesUsedAtComplete": 100556800}	5E7F2DDF-D2FD-4846-9490-990F1AA59E0C 
09/26/2016 01:45:44.365 	com.microsoft.Word	0xb0081000	                        com.microsoft.Word	Scope Summary	beo99	Information 	{"ScopeName": "MruDocumentsApi::ReadRequest", "StartTime": 2016-09-26T01:45:44Z, "DurationToCompleteInMilliseconds": 0, "DurationToCompleteInMillisecondsHighPrecision": 0.146463, "ScopeInstance": 8, "ScopeParentInstance": 0, "TopActivityInstance": 8, "Success": true}	5E7F2DDF-D2FD-4846-9490-990F1AA59E0C 
09/26/2016 01:45:44.365 	com.microsoft.Word	0xb0081000	                        com.microsoft.Word	Identity Authentication Client	a07y2	Warning 	[IdentityManager] GetIdentityForUniqueId {"Message": "Could not get identity for empty id."}	5E7F2DDF-D2FD-4846-9490-990F1AA59E0C 
09/26/2016 01:45:44.407 	com.microsoft.Word	0xb0831000	                        com.microsoft.Word	Word Display	icdqr	Information 	UpdateWwdStart {"pdod": 0x0x799c9800, "Doc Kind": "Doc", "pmwd": 0x0x7c1cfc60, "hwwd": 0x0x7a99ee78, "hwnd": 0x000000x0, "View Type": "Page", "Pct Zoom": 100, "RM View": true, "rcwDisp.xp": 0, "rcwDisp.yp": 0, "rcwDisp.dxp": 1215, "rcwDisp.dyp": 818}	5E7F2DDF-D2FD-4846-9490-990F1AA59E0C 
09/26/2016 01:45:44.407 	com.microsoft.Word	0xb0831000	                        com.microsoft.Word	Word Display	icdqp	Information 	UpdateWwdStop	5E7F2DDF-D2FD-4846-9490-990F1AA59E0C 
09/26/2016 01:45:44.777 	com.microsoft.Word	0xb0081000	                        com.microsoft.Word	Roaming	axaew	Information 	CacheManager::CleanUpCachedUsers {"Message": "Beginning to run CleanUpCachedUsers"}	5E7F2DDF-D2FD-4846-9490-990F1AA59E0C 
09/26/2016 01:45:44.778 	com.microsoft.Word	0xb0081000	                        com.microsoft.Word	Roaming	axaey	Information 	CacheManager::CleanUpCachedUsers {"Message": "Finished CleanUpCachedUsers"}	5E7F2DDF-D2FD-4846-9490-990F1AA59E0C 
09/26/2016 01:46:43.142 	com.microsoft.Word	0xb0831000	                        com.microsoft.Word	MbuInstrument	ibxdj	Warning 	Standard error {"Message": "2016-09-25 21:46:43.141 Microsoft Word[7073:553294] Stream 0x7d52b0c0 is sending an event before being opened"}	5E7F2DDF-D2FD-4846-9490-990F1AA59E0C 
09/26/2016 01:46:43.142 	com.microsoft.Word	0xb0831000	                        com.microsoft.Word	MbuInstrument	ibxdj	Warning 	Standard error {"Message": "2016-09-25 21:46:43.141 Microsoft Word[7073:553294] Stream 0x7d52b0c0 is sending an event before being opened"}	5E7F2DDF-D2FD-4846-9490-990F1AA59E0C 
09/26/2016 01:46:43.524 	com.microsoft.Word	0xb031d000	                        com.microsoft.Word	Rules Engine	ib6or	Information 		5E7F2DDF-D2FD-4846-9490-990F1AA59E0C 
09/26/2016 01:46:43.539 	com.microsoft.Word	0xb031d000	                        com.microsoft.Word	Memory Resource Usage	a9jop	Information 	CurrentProcessWideMemoryUsage {"ScopeInstance": 9, "BytesUsedDelta": 12288, "BytesUsedAtComplete": 113532928}	5E7F2DDF-D2FD-4846-9490-990F1AA59E0C 
09/26/2016 01:46:43.539 	com.microsoft.Word	0xb031d000	                        com.microsoft.Word	Scope Summary	a9jop	Information 	{"ScopeName": "Mso::Telemetry::DiskPayloadManager::DeserializePayloadFile", "StartTime": 2016-09-26T01:46:43Z, "DurationToCompleteInMilliseconds": 13, "DurationToCompleteInMillisecondsHighPrecision": 13.066017, "ScopeInstance": 9, "ScopeParentInstance": 0, "TopActivityInstance": 9, "Success": true}	5E7F2DDF-D2FD-4846-9490-990F1AA59E0C 
09/26/2016 01:46:43.542 	com.microsoft.Word	0xb031d000	                        com.microsoft.Word	Memory Resource Usage	a9jop	Information 	CurrentProcessWideMemoryUsage {"ScopeInstance": 10, "BytesUsedDelta": 0, "BytesUsedAtComplete": 113532928}	5E7F2DDF-D2FD-4846-9490-990F1AA59E0C 
09/26/2016 01:46:43.542 	com.microsoft.Word	0xb031d000	                        com.microsoft.Word	Scope Summary	a9jop	Information 	{"ScopeName": "Mso::Telemetry::DiskPayloadManager::DeserializePayloadFile", "StartTime": 2016-09-26T01:46:43Z, "DurationToCompleteInMilliseconds": 3, "DurationToCompleteInMillisecondsHighPrecision": 3.539225, "ScopeInstance": 10, "ScopeParentInstance": 0, "TopActivityInstance": 10, "Success": true}	5E7F2DDF-D2FD-4846-9490-990F1AA59E0C 
09/26/2016 01:46:43.556 	com.microsoft.Word	0xb031d000	                        com.microsoft.Word	Memory Resource Usage	a9jop	Information 	CurrentProcessWideMemoryUsage {"ScopeInstance": 11, "BytesUsedDelta": 0, "BytesUsedAtComplete": 113532928}	5E7F2DDF-D2FD-4846-9490-990F1AA59E0C 
09/26/2016 01:46:43.556 	com.microsoft.Word	0xb031d000	                        com.microsoft.Word	Scope Summary	a9jop	Information 	{"ScopeName": "Mso::Telemetry::DiskPayloadManager::DeserializePayloadFile", "StartTime": 2016-09-26T01:46:43Z, "DurationToCompleteInMilliseconds": 13, "DurationToCompleteInMillisecondsHighPrecision": 13.741380, "ScopeInstance": 11, "ScopeParentInstance": 0, "TopActivityInstance": 11, "Success": true}	5E7F2DDF-D2FD-4846-9490-990F1AA59E0C 
09/26/2016 01:46:43.568 	com.microsoft.Word	0xb0b3d000	                        com.microsoft.Word	Memory Resource Usage	a9jop	Information 	CurrentProcessWideMemoryUsage {"ScopeInstance": 12, "BytesUsedDelta": 0, "BytesUsedAtComplete": 113532928}	5E7F2DDF-D2FD-4846-9490-990F1AA59E0C 
09/26/2016 01:46:43.568 	com.microsoft.Word	0xb0b3d000	                        com.microsoft.Word	Scope Summary	a9jop	Information 	{"ScopeName": "Mso::Telemetry::DiskPayloadManager::DeserializePayloadFile", "StartTime": 2016-09-26T01:46:43Z, "DurationToCompleteInMilliseconds": 11, "DurationToCompleteInMillisecondsHighPrecision": 11.616820, "ScopeInstance": 12, "ScopeParentInstance": 0, "TopActivityInstance": 12, "Success": true}	5E7F2DDF-D2FD-4846-9490-990F1AA59E0C 
09/26/2016 01:46:43.580 	com.microsoft.Word	0xb0b3d000	                        com.microsoft.Word	Memory Resource Usage	a9jop	Information 	CurrentProcessWideMemoryUsage {"ScopeInstance": 13, "BytesUsedDelta": 0, "BytesUsedAtComplete": 113541120}	5E7F2DDF-D2FD-4846-9490-990F1AA59E0C 
09/26/2016 01:46:43.580 	com.microsoft.Word	0xb0b3d000	                        com.microsoft.Word	Scope Summary	a9jop	Information 	{"ScopeName": "Mso::Telemetry::DiskPayloadManager::DeserializePayloadFile", "StartTime": 2016-09-26T01:46:43Z, "DurationToCompleteInMilliseconds": 11, "DurationToCompleteInMillisecondsHighPrecision": 11.878355, "ScopeInstance": 13, "ScopeParentInstance": 0, "TopActivityInstance": 13, "Success": true}	5E7F2DDF-D2FD-4846-9490-990F1AA59E0C 
09/26/2016 01:46:43.581 	com.microsoft.Word	0xb0831000	                        com.microsoft.Word	MbuInstrument	ibxdj	Warning 	Standard error {"Message": "2016-09-25 21:46:43.580 Microsoft Word[7073:553294] Stream 0x7f613020 is sending an event before being opened"}	5E7F2DDF-D2FD-4846-9490-990F1AA59E0C 
09/26/2016 01:46:43.581 	com.microsoft.Word	0xb0831000	                        com.microsoft.Word	MbuInstrument	ibxdj	Warning 	Standard error {"Message": "2016-09-25 21:46:43.581 Microsoft Word[7073:553294] Stream 0x7f613020 is sending an event before being opened"}	5E7F2DDF-D2FD-4846-9490-990F1AA59E0C 
09/26/2016 01:46:44.299 	com.microsoft.Word	0xb0831000	                        com.microsoft.Word	MbuInstrument	ibxdj	Warning 	Standard error {"Message": "2016-09-25 21:46:44.298 Microsoft Word[7073:553294] Stream 0x7f5f88b0 is sending an event before being opened"}	5E7F2DDF-D2FD-4846-9490-990F1AA59E0C 
09/26/2016 01:46:44.299 	com.microsoft.Word	0xb0831000	                        com.microsoft.Word	MbuInstrument	ibxdj	Warning 	Standard error {"Message": "2016-09-25 21:46:44.298 Microsoft Word[7073:553294] Stream 0x7f5f88b0 is sending an event before being opened"}	5E7F2DDF-D2FD-4846-9490-990F1AA59E0C 
09/26/2016 01:46:46.254 	com.microsoft.Word	0xb0b3d000	                        com.microsoft.Word	MbuInstrument	ibxdj	Warning 	Standard error {"Message": "2016-09-25 21:46:46.253 Microsoft Word[7073:553294] Stream 0x7d63ff40 is sending an event before being opened"}	5E7F2DDF-D2FD-4846-9490-990F1AA59E0C 
09/26/2016 01:46:46.254 	com.microsoft.Word	0xb0b3d000	                        com.microsoft.Word	MbuInstrument	ibxdj	Warning 	Standard error {"Message": "2016-09-25 21:46:46.253 Microsoft Word[7073:553294] Stream 0x7d63ff40 is sending an event before being opened"}	5E7F2DDF-D2FD-4846-9490-990F1AA59E0C 
09/26/2016 01:46:48.409 	com.microsoft.Word	0xb0b3d000	                        com.microsoft.Word	MbuInstrument	ibxdj	Warning 	Standard error {"Message": "2016-09-25 21:46:48.408 Microsoft Word[7073:553294] Stream 0x7f525ec0 is sending an event before being opened"}	5E7F2DDF-D2FD-4846-9490-990F1AA59E0C 
09/26/2016 01:46:48.409 	com.microsoft.Word	0xb0b3d000	                        com.microsoft.Word	MbuInstrument	ibxdj	Warning 	Standard error {"Message": "2016-09-25 21:46:48.408 Microsoft Word[7073:553294] Stream 0x7f525ec0 is sending an event before being opened"}	5E7F2DDF-D2FD-4846-9490-990F1AA59E0C 
09/26/2016 01:46:48.949 	com.microsoft.Word	0xb0831000	                        com.microsoft.Word	MbuInstrument	ibxdj	Warning 	Standard error {"Message": "2016-09-25 21:46:48.933 Microsoft Word[7073:553294] Stream 0x7f654c60 is sending an event before being opened"}	5E7F2DDF-D2FD-4846-9490-990F1AA59E0C 
09/26/2016 01:46:48.949 	com.microsoft.Word	0xb0831000	                        com.microsoft.Word	MbuInstrument	ibxdj	Warning 	Standard error {"Message": "2016-09-25 21:46:48.939 Microsoft Word[7073:553294] Stream 0x7f654c60 is sending an event before being opened"}	5E7F2DDF-D2FD-4846-9490-990F1AA59E0C 
09/26/2016 01:46:49.789 	com.microsoft.Word	0xb0b3d000	                        com.microsoft.Word	Rules Engine	ib6op	Information 		5E7F2DDF-D2FD-4846-9490-990F1AA59E0C 
09/26/2016 01:46:49.813 	com.microsoft.Word	0xb0115000	                        com.microsoft.Word	Memory Resource Usage	a5ia1	Information 	CurrentProcessWideMemoryUsage {"ScopeInstance": 14, "BytesUsedDelta": 45056, "BytesUsedAtComplete": 113958912}	5E7F2DDF-D2FD-4846-9490-990F1AA59E0C 
09/26/2016 01:46:49.813 	com.microsoft.Word	0xb0115000	                        com.microsoft.Word	Scope Summary	a5ia1	Information 	{"ScopeName": "Mso::Telemetry::RuleManager::LoadXmlRules", "StartTime": 2016-09-26T01:46:49Z, "DurationToCompleteInMilliseconds": 22, "DurationToCompleteInMillisecondsHighPrecision": 22.387373, "ScopeInstance": 14, "ScopeParentInstance": 0, "TopActivityInstance": 14, "Success": true}	5E7F2DDF-D2FD-4846-9490-990F1AA59E0C 
09/26/2016 01:48:49.770 	com.microsoft.Word	0xb0115000	                        com.microsoft.Word	Experiment Liblet	bb4ac	Information 	Validating the core exposure control scenarios using FeatureGate.	5E7F2DDF-D2FD-4846-9490-990F1AA59E0C 
09/26/2016 01:48:49.770 	com.microsoft.Word	0xb0115000	                        com.microsoft.Word	Experiment Liblet	bd9vd	Information 	In PopulateFeatureNameForFlight {"FeatureName": "Microsoft.Office.Experimentation.DarkFeature", "Flight Name": "ofhneiyiqzku6l0"}	5E7F2DDF-D2FD-4846-9490-990F1AA59E0C 
09/26/2016 01:48:49.770 	com.microsoft.Word	0xb0115000	                        com.microsoft.Word	Experiment Liblet	a9a2s	Information 	Feature Query Status {"FeatureName": "Microsoft.Office.Experimentation.DarkFeature", "FlightName": "ofhneiyiqzku6l0", "Scope": 0, "IsInScope": false, "TreatmentValue": false}	5E7F2DDF-D2FD-4846-9490-990F1AA59E0C 
09/26/2016 01:48:49.770 	com.microsoft.Word	0xb0115000	                        com.microsoft.Word	Experiment Liblet	bd9vd	Information 	In PopulateFeatureNameForFlight {"FeatureName": "Microsoft.Office.Experimentation.ScopeDogfoodFeature", "Flight Name": "ofukatwskwnuga0"}	5E7F2DDF-D2FD-4846-9490-990F1AA59E0C 
09/26/2016 01:48:49.770 	com.microsoft.Word	0xb0115000	                        com.microsoft.Word	Experiment Liblet	bcjel	Information 	Could not get stored Dogfood string	5E7F2DDF-D2FD-4846-9490-990F1AA59E0C 
09/26/2016 01:48:49.770 	com.microsoft.Word	0xb0115000	                        com.microsoft.Word	Experiment Liblet	a9a2s	Information 	Feature Query Status {"FeatureName": "Microsoft.Office.Experimentation.ScopeDogfoodFeature", "FlightName": "ofukatwskwnuga0", "Scope": 4, "IsInScope": false, "TreatmentValue": false}	5E7F2DDF-D2FD-4846-9490-990F1AA59E0C 
09/26/2016 01:48:49.770 	com.microsoft.Word	0xb0115000	                        com.microsoft.Word	Experiment Liblet	bd9vd	Information 	In PopulateFeatureNameForFlight {"FeatureName": "Microsoft.Office.Experimentation.ScopeMicrosoftFeature", "Flight Name": "ofgylbjkzod6qo0"}	5E7F2DDF-D2FD-4846-9490-990F1AA59E0C 
09/26/2016 01:48:49.770 	com.microsoft.Word	0xb0115000	                        com.microsoft.Word	Experiment Liblet	bd9vd	Information 	In PopulateFeatureNameForFlight {"FeatureName": "msft-internal", "Flight Name": "ofzim3zlrl3dbh0"}	5E7F2DDF-D2FD-4846-9490-990F1AA59E0C 
09/26/2016 01:48:49.770 	com.microsoft.Word	0xb0115000	                        com.microsoft.Word	Experiment Liblet	bd9vd	Information 	In PopulateFeatureNameForFlight {"FeatureName": "msft-internal", "Flight Name": "ofzim3zlrl3dbh0"}	5E7F2DDF-D2FD-4846-9490-990F1AA59E0C 
09/26/2016 01:48:49.770 	com.microsoft.Word	0xb0115000	                        com.microsoft.Word	Experiment Liblet	a9a2s	Information 	Feature Query Status {"FeatureName": "Microsoft.Office.Experimentation.ScopeMicrosoftFeature", "FlightName": "ofgylbjkzod6qo0", "Scope": 1, "IsInScope": false, "TreatmentValue": false}	5E7F2DDF-D2FD-4846-9490-990F1AA59E0C 
09/26/2016 01:48:49.770 	com.microsoft.Word	0xb0115000	                        com.microsoft.Word	Experiment Liblet	bd9vd	Information 	In PopulateFeatureNameForFlight {"FeatureName": "Microsoft.Office.Experimentation.ScopeProductionFeature", "Flight Name": "ofnlgl1ukft34x0"}	5E7F2DDF-D2FD-4846-9490-990F1AA59E0C 
09/26/2016 01:48:49.770 	com.microsoft.Word	0xb0115000	                        com.microsoft.Word	Experiment Liblet	a9a2s	Information 	Feature Query Status {"FeatureName": "Microsoft.Office.Experimentation.ScopeProductionFeature", "FlightName": "ofnlgl1ukft34x0", "Scope": 3, "IsInScope": true, "TreatmentValue": true}	5E7F2DDF-D2FD-4846-9490-990F1AA59E0C 
09/26/2016 01:48:49.770 	com.microsoft.Word	0xb0115000	                        com.microsoft.Word	Experiment Liblet	bb398	Information 	Scope::PRODUCTION Validation successful.	5E7F2DDF-D2FD-4846-9490-990F1AA59E0C 
09/26/2016 01:48:49.770 	com.microsoft.Word	0xb0115000	                        com.microsoft.Word	Experiment Liblet	bd9vd	Information 	In PopulateFeatureNameForFlight {"FeatureName": "Microsoft.Office.Experimentation.ExcelRampUpTest", "Flight Name": "ofhje5mvkiuyqa0"}	5E7F2DDF-D2FD-4846-9490-990F1AA59E0C 
09/26/2016 01:48:49.770 	com.microsoft.Word	0xb0115000	                        com.microsoft.Word	Experiment Liblet	a9a2s	Information 	Feature Query Status {"FeatureName": "Microsoft.Office.Experimentation.ExcelRampUpTest", "FlightName": "ofhje5mvkiuyqa0", "Scope": 0, "IsInScope": false, "TreatmentValue": false}	5E7F2DDF-D2FD-4846-9490-990F1AA59E0C 
09/26/2016 01:48:49.770 	com.microsoft.Word	0xb0115000	                        com.microsoft.Word	Experiment Liblet	bd9vd	Information 	In PopulateFeatureNameForFlight {"FeatureName": "Microsoft.Office.Experimentation.WordEBrakeTest", "Flight Name": "of4djqauesgwvy0"}	5E7F2DDF-D2FD-4846-9490-990F1AA59E0C 
09/26/2016 01:48:49.770 	com.microsoft.Word	0xb0115000	                        com.microsoft.Word	Experiment Liblet	a9a2s	Information 	Feature Query Status {"FeatureName": "Microsoft.Office.Experimentation.WordEBrakeTest", "FlightName": "of4djqauesgwvy0", "Scope": 3, "IsInScope": true, "TreatmentValue": true}	5E7F2DDF-D2FD-4846-9490-990F1AA59E0C 
09/26/2016 01:48:49.770 	com.microsoft.Word	0xb0115000	                        com.microsoft.Word	Experiment Liblet	bb4aa	Information 	E-Brake is not applicable here as the PRODUCTION feature is enabled.	5E7F2DDF-D2FD-4846-9490-990F1AA59E0C 
09/26/2016 01:48:49.770 	com.microsoft.Word	0xb0115000	                        com.microsoft.Word	Experiment Liblet	bd9vd	Information 	In PopulateFeatureNameForFlight {"FeatureName": "Microsoft.Office.Experimentation.PowerpointTrafficTest", "Flight Name": "ofqcpyq1mym6yv0"}	5E7F2DDF-D2FD-4846-9490-990F1AA59E0C 
09/26/2016 01:48:49.770 	com.microsoft.Word	0xb0115000	                        com.microsoft.Word	Experiment Liblet	a9a2s	Information 	Feature Query Status {"FeatureName": "Microsoft.Office.Experimentation.PowerpointTrafficTest", "FlightName": "ofqcpyq1mym6yv0", "Scope": 0, "IsInScope": false, "TreatmentValue": false}	5E7F2DDF-D2FD-4846-9490-990F1AA59E0C 
09/26/2016 01:48:49.770 	com.microsoft.Word	0xb0115000	                        com.microsoft.Word	Experiment Liblet	bd9vd	Information 	In PopulateFeatureNameForFlight {"FeatureName": "Microsoft.Office.Experimentation.EcsEBrakeTest", "Flight Name": "ofvaixyao1meuy0"}	5E7F2DDF-D2FD-4846-9490-990F1AA59E0C 
09/26/2016 01:48:49.770 	com.microsoft.Word	0xb0115000	                        com.microsoft.Word	Experiment Liblet	bddu6	Information 	Feature Query Status {"FeatureName": "Microsoft.Office.Experimentation.EcsEBrakeTest", "FlightName": "ofvaixyao1meuy0", "TreatmentValue": 1}	5E7F2DDF-D2FD-4846-9490-990F1AA59E0C 
09/26/2016 01:48:49.770 	com.microsoft.Word	0xb0115000	                        com.microsoft.Word	Experiment Liblet	besrp	Information 	EcsEBrakeTest feature is ON, no E-Brake found.	5E7F2DDF-D2FD-4846-9490-990F1AA59E0C 
09/26/2016 01:48:49.770 	com.microsoft.Word	0xb0115000	                        com.microsoft.Word	Experiment Liblet	bd9vd	Information 	In PopulateFeatureNameForFlight {"FeatureName": "Microsoft.Office.Experimentation.EcsRampupTest1", "Flight Name": "ofxprrycyv2kne0"}	5E7F2DDF-D2FD-4846-9490-990F1AA59E0C 
09/26/2016 01:48:49.770 	com.microsoft.Word	0xb0115000	                        com.microsoft.Word	Experiment Liblet	bddu6	Information 	Feature Query Status {"FeatureName": "Microsoft.Office.Experimentation.EcsRampupTest1", "FlightName": "ofxprrycyv2kne0", "TreatmentValue": 0}	5E7F2DDF-D2FD-4846-9490-990F1AA59E0C 
09/26/2016 01:48:49.770 	com.microsoft.Word	0xb0115000	                        com.microsoft.Word	Experiment Liblet	bd9vd	Information 	In PopulateFeatureNameForFlight {"FeatureName": "Microsoft.Office.Experimentation.EcsRampupTest2", "Flight Name": "of2pqdychtmw2d0"}	5E7F2DDF-D2FD-4846-9490-990F1AA59E0C 
09/26/2016 01:48:49.770 	com.microsoft.Word	0xb0115000	                        com.microsoft.Word	Experiment Liblet	bddu6	Information 	Feature Query Status {"FeatureName": "Microsoft.Office.Experimentation.EcsRampupTest2", "FlightName": "of2pqdychtmw2d0", "TreatmentValue": 0}	5E7F2DDF-D2FD-4846-9490-990F1AA59E0C 
09/26/2016 01:50:42.457 	com.microsoft.Word	0xb0081000	                        com.microsoft.Word	Experiment Liblet	bfhs7	Information 	Feature Query Status {"FlightName": "of2pqdychtmw2d0", "FeatureName": "Microsoft.Office.Experimentation.EcsRampupTest2", "TreatmentValue": "nullopt", "StaticScope": 1, "IsDevOverride": false, "LockType": 2}	5E7F2DDF-D2FD-4846-9490-990F1AA59E0C 
09/26/2016 01:50:42.457 	com.microsoft.Word	0xb0081000	                        com.microsoft.Word	Experiment Liblet	bfhs7	Information 	Feature Query Status {"FlightName": "ofqcpyq1mym6yv0", "FeatureName": "Microsoft.Office.Experimentation.PowerpointTrafficTest", "TreatmentValue": "nullopt", "StaticScope": 1, "IsDevOverride": false, "LockType": 2}	5E7F2DDF-D2FD-4846-9490-990F1AA59E0C 
09/26/2016 01:50:42.457 	com.microsoft.Word	0xb0081000	                        com.microsoft.Word	Experiment Liblet	bfhs7	Information 	Feature Query Status {"FlightName": "ofxprrycyv2kne0", "FeatureName": "Microsoft.Office.Experimentation.EcsRampupTest1", "TreatmentValue": "nullopt", "StaticScope": 1, "IsDevOverride": false, "LockType": 2}	5E7F2DDF-D2FD-4846-9490-990F1AA59E0C 
09/26/2016 01:50:42.457 	com.microsoft.Word	0xb0081000	                        com.microsoft.Word	Experiment Liblet	bfhs7	Information 	Feature Query Status {"FlightName": "of4djqauesgwvy0", "FeatureName": "Microsoft.Office.Experimentation.WordEBrakeTest", "TreatmentValue": "nullopt", "StaticScope": 4, "IsDevOverride": false, "LockType": 2}	5E7F2DDF-D2FD-4846-9490-990F1AA59E0C 
09/26/2016 01:50:42.457 	com.microsoft.Word	0xb0081000	                        com.microsoft.Word	Experiment Liblet	bfhs7	Information 	Feature Query Status {"FlightName": "ofhje5mvkiuyqa0", "FeatureName": "Microsoft.Office.Experimentation.ExcelRampUpTest", "TreatmentValue": "nullopt", "StaticScope": 1, "IsDevOverride": false, "LockType": 2}	5E7F2DDF-D2FD-4846-9490-990F1AA59E0C 
09/26/2016 01:50:42.457 	com.microsoft.Word	0xb0081000	                        com.microsoft.Word	Experiment Liblet	bfhs7	Information 	Feature Query Status {"FlightName": "ofilfmq4laqux40", "FeatureName": "Microsoft.Office.Outlook.TableSupport", "TreatmentValue": "nullopt", "StaticScope": 1, "IsDevOverride": false, "LockType": 2}	5E7F2DDF-D2FD-4846-9490-990F1AA59E0C 
09/26/2016 01:50:42.457 	com.microsoft.Word	0xb0081000	                        com.microsoft.Word	Experiment Liblet	bfhs7	Information 	Feature Query Status {"FlightName": "ofgylbjkzod6qo0", "FeatureName": "Microsoft.Office.Experimentation.ScopeMicrosoftFeature", "TreatmentValue": "nullopt", "StaticScope": 2, "IsDevOverride": false, "LockType": 2}	5E7F2DDF-D2FD-4846-9490-990F1AA59E0C 
09/26/2016 01:50:42.457 	com.microsoft.Word	0xb0081000	                        com.microsoft.Word	Experiment Liblet	bfhs7	Information 	Feature Query Status {"FlightName": "ofnlgl1ukft34x0", "FeatureName": "Microsoft.Office.Experimentation.ScopeProductionFeature", "TreatmentValue": "nullopt", "StaticScope": 4, "IsDevOverride": false, "LockType": 2}	5E7F2DDF-D2FD-4846-9490-990F1AA59E0C 
09/26/2016 01:50:42.457 	com.microsoft.Word	0xb0081000	                        com.microsoft.Word	Experiment Liblet	bfhs7	Information 	Feature Query Status {"FlightName": "ofukatwskwnuga0", "FeatureName": "Microsoft.Office.Experimentation.ScopeDogfoodFeature", "TreatmentValue": "nullopt", "StaticScope": 5, "IsDevOverride": false, "LockType": 2}	5E7F2DDF-D2FD-4846-9490-990F1AA59E0C 
09/26/2016 01:50:42.457 	com.microsoft.Word	0xb0081000	                        com.microsoft.Word	Experiment Liblet	bfhs7	Information 	Feature Query Status {"FlightName": "ofdl6xkd31gki20", "FeatureName": "Microsoft.Office.Word.ShowPasteboardPrintLayout", "TreatmentValue": "nullopt", "StaticScope": 2, "IsDevOverride": false, "LockType": 2}	5E7F2DDF-D2FD-4846-9490-990F1AA59E0C 
09/26/2016 01:50:42.457 	com.microsoft.Word	0xb0081000	                        com.microsoft.Word	Experiment Liblet	bfhs7	Information 	Feature Query Status {"FlightName": "ofas3eiflxlznq0", "FeatureName": "Microsoft.Office.Graphics.FastAcc", "TreatmentValue": "nullopt", "StaticScope": 1, "IsDevOverride": false, "LockType": 2}	5E7F2DDF-D2FD-4846-9490-990F1AA59E0C 
09/26/2016 01:50:42.457 	com.microsoft.Word	0xb0081000	                        com.microsoft.Word	Experiment Liblet	bfhs7	Information 	Feature Query Status {"FlightName": "ofecgl4pfbgfif0", "FeatureName": "Microsoft.Office.Experiment.PollingDuration", "TreatmentValue": "nullopt", "StaticScope": 0, "IsDevOverride": false, "LockType": 2}	5E7F2DDF-D2FD-4846-9490-990F1AA59E0C 
09/26/2016 01:50:42.457 	com.microsoft.Word	0xb0081000	                        com.microsoft.Word	Experiment Liblet	bfhs7	Information 	Feature Query Status {"FlightName": "ofanpaeym3wxlz0", "FeatureName": "Microsoft.Office.Word.EnableWebScalingZoomReset", "TreatmentValue": "nullopt", "StaticScope": 2, "IsDevOverride": false, "LockType": 2}	5E7F2DDF-D2FD-4846-9490-990F1AA59E0C 
09/26/2016 01:50:42.457 	com.microsoft.Word	0xb0081000	                        com.microsoft.Word	Experiment Liblet	bfhs7	Information 	Feature Query Status {"FlightName": "ofvaixyao1meuy0", "FeatureName": "Microsoft.Office.Experimentation.EcsEBrakeTest", "TreatmentValue": "nullopt", "StaticScope": 2, "IsDevOverride": false, "LockType": 2}	5E7F2DDF-D2FD-4846-9490-990F1AA59E0C 
09/26/2016 01:50:42.457 	com.microsoft.Word	0xb0081000	                        com.microsoft.Word	Experiment Liblet	bfhs7	Information 	Feature Query Status {"FlightName": "of3og1haea5zna0", "FeatureName": "Microsoft.Office.Word.ContentControls", "TreatmentValue": "nullopt", "StaticScope": 1, "IsDevOverride": false, "LockType": 2}	5E7F2DDF-D2FD-4846-9490-990F1AA59E0C 
09/26/2016 01:50:42.457 	com.microsoft.Word	0xb0081000	                        com.microsoft.Word	Experiment Liblet	bfhs7	Information 	Feature Query Status {"FlightName": "ofzim3zlrl3dbh0", "FeatureName": "msft-internal", "TreatmentValue": "nullopt", "StaticScope": 0, "IsDevOverride": false, "LockType": 2}	5E7F2DDF-D2FD-4846-9490-990F1AA59E0C 
09/26/2016 01:50:42.457 	com.microsoft.Word	0xb0081000	                        com.microsoft.Word	Experiment Liblet	bfhs7	Information 	Feature Query Status {"FlightName": "ofsdr6zu5duwrk0", "FeatureName": "Microsoft.Office.Word.UseBCSForPDFConversion", "TreatmentValue": "nullopt", "StaticScope": 1, "IsDevOverride": false, "LockType": 2}	5E7F2DDF-D2FD-4846-9490-990F1AA59E0C 
09/26/2016 01:50:42.457 	com.microsoft.Word	0xb0081000	                        com.microsoft.Word	Experiment Liblet	bfhs7	Information 	Feature Query Status {"FlightName": "ofhneiyiqzku6l0", "FeatureName": "Microsoft.Office.Experimentation.DarkFeature", "TreatmentValue": "nullopt", "StaticScope": 1, "IsDevOverride": false, "LockType": 2}	5E7F2DDF-D2FD-4846-9490-990F1AA59E0C 
09/26/2016 01:50:42.458 	com.microsoft.Word	0xb0081000	                        com.microsoft.Word	Experiment Liblet	bfhs7	Information 	Feature Query Status {"FlightName": "ofdqmachtdaur40", "FeatureName": "Microsoft.Office.Word.AXTableEditing", "TreatmentValue": "nullopt", "StaticScope": 1, "IsDevOverride": false, "LockType": 2}	5E7F2DDF-D2FD-4846-9490-990F1AA59E0C 
09/26/2016 01:50:42.458 	com.microsoft.Word	0xb0081000	                        com.microsoft.Word	Experiment Liblet	bfhs7	Information 	Feature Query Status {"FlightName": "of2123d2f3tdkw0", "FeatureName": "Microsoft.Office.Word.NewProofingLogic", "TreatmentValue": "true", "StaticScope": 0, "IsDevOverride": false, "LockType": 2}	5E7F2DDF-D2FD-4846-9490-990F1AA59E0C 
09/26/2016 01:54:13.261 	com.microsoft.Word	0xb0081000	                        com.microsoft.Word	Nexus Transport	a3q0m	Information 	Resetting Throttling level. {"CurrentBucketSize": 55535, "BucketMax": 436906, "BucketDurationInMs": 300}	5E7F2DDF-D2FD-4846-9490-990F1AA59E0C 
09/26/2016 01:54:13.263 	com.microsoft.Word	0xb0081000	                        com.microsoft.Word	MbuInstrument	ibxdj	Warning 	Standard error {"Message": "2016-09-25 21:54:13.262 Microsoft Word[7073:555964] Stream 0x7f5ebad0 is sending an event before being opened"}	5E7F2DDF-D2FD-4846-9490-990F1AA59E0C 
09/26/2016 01:54:13.263 	com.microsoft.Word	0xb0081000	                        com.microsoft.Word	MbuInstrument	ibxdj	Warning 	Standard error {"Message": "2016-09-25 21:54:13.262 Microsoft Word[7073:555964] Stream 0x7f5ebad0 is sending an event before being opened"}	5E7F2DDF-D2FD-4846-9490-990F1AA59E0C 
09/26/2016 02:00:18.258 	com.microsoft.Word	0xb031d000	                        com.microsoft.Word	Nexus Transport	a3q0m	Information 	Resetting Throttling level. {"CurrentBucketSize": 323, "BucketMax": 436906, "BucketDurationInMs": 300}	5E7F2DDF-D2FD-4846-9490-990F1AA59E0C 
09/26/2016 02:00:18.259 	com.microsoft.Word	0xb0831000	                        com.microsoft.Word	MbuInstrument	ibxdj	Warning 	Standard error {"Message": "2016-09-25 22:00:18.258 Microsoft Word[7073:557430] Stream 0x7c14c5f0 is sending an event before being opened"}	5E7F2DDF-D2FD-4846-9490-990F1AA59E0C 
09/26/2016 02:00:18.259 	com.microsoft.Word	0xb0831000	                        com.microsoft.Word	MbuInstrument	ibxdj	Warning 	Standard error {"Message": "2016-09-25 22:00:18.259 Microsoft Word[7073:557430] Stream 0x7c14c5f0 is sending an event before being opened"}	5E7F2DDF-D2FD-4846-9490-990F1AA59E0C 
09/26/2016 02:05:04.652 	com.microsoft.Word	0xb0081000	                        com.microsoft.Word	TimerScope	ian13	Information 	{"ID": "word.active", "Instance": 3, "Action": "Start"}	5E7F2DDF-D2FD-4846-9490-990F1AA59E0C 
09/26/2016 02:05:04.658 	com.microsoft.Word	0xb0081000	                        com.microsoft.Word	TimerScope	ian14	Information 	{"ID": "word.bootMainToActive", "Instance": 1, "Action": "Stop", "Result": 1162450750}	5E7F2DDF-D2FD-4846-9490-990F1AA59E0C 
09/26/2016 02:05:04.658 	com.microsoft.Word	0xb0081000	                        com.microsoft.Word	ULS.Heartbeat	iaaaa	Information 	541044CF-4AFA-562A-A532-699B8D36FCB5	5E7F2DDF-D2FD-4846-9490-990F1AA59E0C 
09/26/2016 02:05:04.706 	com.microsoft.Word	0xb0935000	                        com.microsoft.Word	Word Display	icdqr	Information 	UpdateWwdStart {"pdod": 0x0x799c9800, "Doc Kind": "Doc", "pmwd": 0x0x7c1cfc60, "hwwd": 0x0x7a99ee78, "hwnd": 0x000000x0, "View Type": "Page", "Pct Zoom": 100, "RM View": true, "rcwDisp.xp": 0, "rcwDisp.yp": 0, "rcwDisp.dxp": 1215, "rcwDisp.dyp": 818}	5E7F2DDF-D2FD-4846-9490-990F1AA59E0C 
09/26/2016 02:05:04.706 	com.microsoft.Word	0xb0935000	                        com.microsoft.Word	Word Display	icdqp	Information 	UpdateWwdStop	5E7F2DDF-D2FD-4846-9490-990F1AA59E0C 
09/26/2016 02:05:04.754 	com.microsoft.Word	0xb0935000	                        com.microsoft.Word	MruServiceApi	axqsb	Information 	MruServiceApi: MruDocumentsApi: READ called {"UniqueId": "UnsignedUser", "Application": "Word", "Locale": "en-US", "MaxItems": 100, "ItemOptions": 14, "CorrelationId": "FB9F1414-62BD-4110-9530-A39438EA12F8"}	5E7F2DDF-D2FD-4846-9490-990F1AA59E0C 
09/26/2016 02:05:04.754 	com.microsoft.Word	0xb0935000	                        com.microsoft.Word	MruServiceApi	axqsf	Information 	MruServiceApi: MruDocumentsApi: READ - cached items callback {"UniqueId": "UnsignedUser", "Application": "Word", "Locale": "en-US", "RequestDuration": 0, "NumberOfItems": 0, "MaxItems": 100}	5E7F2DDF-D2FD-4846-9490-990F1AA59E0C 
09/26/2016 02:05:04.754 	com.microsoft.Word	0xb0935000	                        com.microsoft.Word	Memory Resource Usage	beo99	Information 	CurrentProcessWideMemoryUsage {"ScopeInstance": 15, "BytesUsedDelta": 16384, "BytesUsedAtComplete": 74366976}	5E7F2DDF-D2FD-4846-9490-990F1AA59E0C 
09/26/2016 02:05:04.754 	com.microsoft.Word	0xb0935000	                        com.microsoft.Word	Scope Summary	beo99	Information 	{"ScopeName": "MruDocumentsApi::ReadRequest", "StartTime": 2016-09-26T02:05:04Z, "DurationToCompleteInMilliseconds": 0, "DurationToCompleteInMillisecondsHighPrecision": 0.161999, "ScopeInstance": 15, "ScopeParentInstance": 0, "TopActivityInstance": 15, "Success": true}	5E7F2DDF-D2FD-4846-9490-990F1AA59E0C 
09/26/2016 02:05:04.755 	com.microsoft.Word	0xb0081000	                        com.microsoft.Word	Identity Authentication Client	a07y2	Warning 	[IdentityManager] GetIdentityForUniqueId {"Message": "Could not get identity for empty id."}	5E7F2DDF-D2FD-4846-9490-990F1AA59E0C 
09/26/2016 02:05:04.755 	com.microsoft.Word	0xb0831000	                        com.microsoft.Word	MruServiceApi	axqsb	Information 	MruServiceApi: MruDocumentsApi: READ called {"UniqueId": "UnsignedUser", "Application": "Word", "Locale": "en-US", "MaxItems": 100, "ItemOptions": 14, "CorrelationId": "446C94B3-BDD8-4E1F-9441-10DADEB8E804"}	5E7F2DDF-D2FD-4846-9490-990F1AA59E0C 
09/26/2016 02:05:04.755 	com.microsoft.Word	0xb0831000	                        com.microsoft.Word	MruServiceApi	axqsf	Information 	MruServiceApi: MruDocumentsApi: READ - cached items callback {"UniqueId": "UnsignedUser", "Application": "Word", "Locale": "en-US", "RequestDuration": 0, "NumberOfItems": 0, "MaxItems": 100}	5E7F2DDF-D2FD-4846-9490-990F1AA59E0C 
09/26/2016 02:05:04.755 	com.microsoft.Word	0xb0831000	                        com.microsoft.Word	Memory Resource Usage	beo99	Information 	CurrentProcessWideMemoryUsage {"ScopeInstance": 16, "BytesUsedDelta": 8192, "BytesUsedAtComplete": 74395648}	5E7F2DDF-D2FD-4846-9490-990F1AA59E0C 
09/26/2016 02:05:04.755 	com.microsoft.Word	0xb0831000	                        com.microsoft.Word	Scope Summary	beo99	Information 	{"ScopeName": "MruDocumentsApi::ReadRequest", "StartTime": 2016-09-26T02:05:04Z, "DurationToCompleteInMilliseconds": 0, "DurationToCompleteInMillisecondsHighPrecision": 0.114890, "ScopeInstance": 16, "ScopeParentInstance": 0, "TopActivityInstance": 16, "Success": true}	5E7F2DDF-D2FD-4846-9490-990F1AA59E0C 
09/26/2016 02:05:04.755 	com.microsoft.Word	0xb0831000	                        com.microsoft.Word	Identity Authentication Client	a07y2	Warning 	[IdentityManager] GetIdentityForUniqueId {"Message": "Could not get identity for empty id."}	5E7F2DDF-D2FD-4846-9490-990F1AA59E0C 
09/26/2016 02:05:04.986 	com.microsoft.Word	0xb0831000	                        com.microsoft.Word	TimerScope	ian14	Information 	{"ID": "word.active", "Instance": 3, "Action": "Stop", "Result": 333704}	5E7F2DDF-D2FD-4846-9490-990F1AA59E0C 
09/26/2016 02:06:20.469 	com.microsoft.Word	0xb0081000	                        com.microsoft.Word	Nexus Transport	a3q0m	Information 	Resetting Throttling level. {"CurrentBucketSize": 353, "BucketMax": 436906, "BucketDurationInMs": 300}	5E7F2DDF-D2FD-4846-9490-990F1AA59E0C 
09/26/2016 02:06:20.470 	com.microsoft.Word	0xb0831000	                        com.microsoft.Word	MbuInstrument	ibxdj	Warning 	Standard error {"Message": "2016-09-25 22:06:20.469 Microsoft Word[7073:559315] Stream 0x7f0b6080 is sending an event before being opened"}	5E7F2DDF-D2FD-4846-9490-990F1AA59E0C 
09/26/2016 02:06:20.470 	com.microsoft.Word	0xb0831000	                        com.microsoft.Word	MbuInstrument	ibxdj	Warning 	Standard error {"Message": "2016-09-25 22:06:20.469 Microsoft Word[7073:559315] Stream 0x7f0b6080 is sending an event before being opened"}	5E7F2DDF-D2FD-4846-9490-990F1AA59E0C 
09/26/2016 02:19:27.653 	com.microsoft.Word	0xb031d000	                        com.microsoft.Word	Nexus Transport	a3q0m	Information 	Resetting Throttling level. {"CurrentBucketSize": 294, "BucketMax": 436906, "BucketDurationInMs": 300}	5E7F2DDF-D2FD-4846-9490-990F1AA59E0C 
09/26/2016 02:19:27.655 	com.microsoft.Word	0xb0935000	                        com.microsoft.Word	MbuInstrument	ibxdj	Warning 	Standard error {"Message": "2016-09-25 22:19:27.654 Microsoft Word[7073:563664] Stream 0x7f0d1e60 is sending an event before being opened"}	5E7F2DDF-D2FD-4846-9490-990F1AA59E0C 
09/26/2016 02:19:27.655 	com.microsoft.Word	0xb0935000	                        com.microsoft.Word	MbuInstrument	ibxdj	Warning 	Standard error {"Message": "2016-09-25 22:19:27.655 Microsoft Word[7073:563664] Stream 0x7f0d1e60 is sending an event before being opened"}	5E7F2DDF-D2FD-4846-9490-990F1AA59E0C 
09/26/2016 02:31:25.282 	com.microsoft.Word	0xb0081000	                        com.microsoft.Word	Csi Telemetry	ibqd7	Warning 	CSI reported an event {"TelemetryId": 666163, "TelemetryType": 777041, "ServerFileID": "", "Details": "", "FutureUse1": "5", "FutureUse2": "0", "FutureUse3": "", "FutureUse4": "", "FutureUse5": ""}	5E7F2DDF-D2FD-4846-9490-990F1AA59E0C 
09/26/2016 02:31:25.285 	com.microsoft.Word	0xb0115000	                        com.microsoft.Word	Csi Telemetry	ibqd7	Warning 	CSI reported an event {"TelemetryId": 666163, "TelemetryType": 777041, "ServerFileID": "", "Details": "", "FutureUse1": "2", "FutureUse2": "1", "FutureUse3": "", "FutureUse4": "", "FutureUse5": ""}	5E7F2DDF-D2FD-4846-9490-990F1AA59E0C 
09/26/2016 02:31:25.289 	com.microsoft.Word	0xb0115000	                        com.microsoft.Word	Csi Telemetry	ibqd7	Warning 	CSI reported an event {"TelemetryId": 666163, "TelemetryType": 777041, "ServerFileID": "", "Details": "", "FutureUse1": "3", "FutureUse2": "2", "FutureUse3": "", "FutureUse4": "", "FutureUse5": ""}	5E7F2DDF-D2FD-4846-9490-990F1AA59E0C 
09/26/2016 02:31:25.290 	com.microsoft.Word	0xb0115000	                        com.microsoft.Word	Csi Telemetry	ibqd7	Warning 	CSI reported an event {"TelemetryId": 666163, "TelemetryType": 777041, "ServerFileID": "", "Details": "", "FutureUse1": "1", "FutureUse2": "3", "FutureUse3": "", "FutureUse4": "", "FutureUse5": ""}	5E7F2DDF-D2FD-4846-9490-990F1AA59E0C 
09/26/2016 02:31:25.296 	com.microsoft.Word	0xb0115000	                        com.microsoft.Word	Csi Telemetry	ibqd7	Warning 	CSI reported an event {"TelemetryId": 666163, "TelemetryType": 777041, "ServerFileID": "", "Details": "", "FutureUse1": "5", "FutureUse2": "4", "FutureUse3": "", "FutureUse4": "", "FutureUse5": ""}	5E7F2DDF-D2FD-4846-9490-990F1AA59E0C 
09/26/2016 02:31:25.298 	com.microsoft.Word	0xb0115000	                        com.microsoft.Word	Csi Telemetry	ibqd7	Warning 	CSI reported an event {"TelemetryId": 666163, "TelemetryType": 777041, "ServerFileID": "", "Details": "", "FutureUse1": "1", "FutureUse2": "5", "FutureUse3": "", "FutureUse4": "", "FutureUse5": ""}	5E7F2DDF-D2FD-4846-9490-990F1AA59E0C 
09/26/2016 02:31:25.300 	com.microsoft.Word	0xb0081000	                        com.microsoft.Word	Csi Telemetry	ibqd7	Warning 	CSI reported an event {"TelemetryId": 666163, "TelemetryType": 777041, "ServerFileID": "", "Details": "", "FutureUse1": "1", "FutureUse2": "6", "FutureUse3": "", "FutureUse4": "", "FutureUse5": ""}	5E7F2DDF-D2FD-4846-9490-990F1AA59E0C 
09/26/2016 02:31:25.302 	com.microsoft.Word	0xb0081000	                        com.microsoft.Word	Csi Telemetry	ibqd7	Warning 	CSI reported an event {"TelemetryId": 666163, "TelemetryType": 777041, "ServerFileID": "", "Details": "", "FutureUse1": "1", "FutureUse2": "7", "FutureUse3": "", "FutureUse4": "", "FutureUse5": ""}	5E7F2DDF-D2FD-4846-9490-990F1AA59E0C 
09/26/2016 02:31:25.305 	com.microsoft.Word	0xb0081000	                        com.microsoft.Word	Csi Telemetry	ibqd7	Warning 	CSI reported an event {"TelemetryId": 666163, "TelemetryType": 777041, "ServerFileID": "", "Details": "", "FutureUse1": "2", "FutureUse2": "8", "FutureUse3": "", "FutureUse4": "", "FutureUse5": ""}	5E7F2DDF-D2FD-4846-9490-990F1AA59E0C 
09/26/2016 02:34:41.096 	com.microsoft.Word	0xb0115000	                        com.microsoft.Word	Rules Engine	ib6op	Information 		5E7F2DDF-D2FD-4846-9490-990F1AA59E0C 
09/26/2016 02:49:44.762 	com.microsoft.Word	0xb0115000	                        com.microsoft.Word	Nexus Transport	a3q0m	Information 	Resetting Throttling level. {"CurrentBucketSize": 56710, "BucketMax": 1048576, "BucketDurationInMs": 3600}	5E7F2DDF-D2FD-4846-9490-990F1AA59E0C 
09/26/2016 02:49:44.762 	com.microsoft.Word	0xb0115000	                        com.microsoft.Word	Nexus Transport	a3q0m	Information 	Resetting Throttling level. {"CurrentBucketSize": 205, "BucketMax": 436906, "BucketDurationInMs": 300}	5E7F2DDF-D2FD-4846-9490-990F1AA59E0C 
09/26/2016 02:49:44.763 	com.microsoft.Word	0xb0831000	                        com.microsoft.Word	MbuInstrument	ibxdj	Warning 	Standard error {"Message": "2016-09-25 22:49:44.762 Microsoft Word[7073:566540] Stream 0x7fa69520 is sending an event before being opened"}	5E7F2DDF-D2FD-4846-9490-990F1AA59E0C 
09/26/2016 02:49:44.763 	com.microsoft.Word	0xb0831000	                        com.microsoft.Word	MbuInstrument	ibxdj	Warning 	Standard error {"Message": "2016-09-25 22:49:44.762 Microsoft Word[7073:566540] Stream 0x7fa69520 is sending an event before being opened"}	5E7F2DDF-D2FD-4846-9490-990F1AA59E0C 
09/26/2016 03:19:58.457 	com.microsoft.Word	0xb031d000	                        com.microsoft.Word	Rules Engine	ib6op	Information 		5E7F2DDF-D2FD-4846-9490-990F1AA59E0C 
09/26/2016 03:42:15.277 	com.microsoft.Word	0xb031d000	                        com.microsoft.Word	TimerScope	ian13	Information 	{"ID": "word.active", "Instance": 4, "Action": "Start"}	5E7F2DDF-D2FD-4846-9490-990F1AA59E0C 
09/26/2016 03:42:15.280 	com.microsoft.Word	0xb031d000	                        com.microsoft.Word	ULS.Heartbeat	iaaaa	Information 	541044CF-4AFA-562A-A532-699B8D36FCB5	5E7F2DDF-D2FD-4846-9490-990F1AA59E0C 
09/26/2016 03:42:15.311 	com.microsoft.Word	0xb031d000	                        com.microsoft.Word	MruServiceApi	axqsb	Information 	MruServiceApi: MruDocumentsApi: READ called {"UniqueId": "UnsignedUser", "Application": "Word", "Locale": "en-US", "MaxItems": 100, "ItemOptions": 14, "CorrelationId": "63670C31-5C77-440C-96D4-EC360C07B452"}	5E7F2DDF-D2FD-4846-9490-990F1AA59E0C 
09/26/2016 03:42:15.311 	com.microsoft.Word	0xb031d000	                        com.microsoft.Word	MruServiceApi	axqsf	Information 	MruServiceApi: MruDocumentsApi: READ - cached items callback {"UniqueId": "UnsignedUser", "Application": "Word", "Locale": "en-US", "RequestDuration": 0, "NumberOfItems": 0, "MaxItems": 100}	5E7F2DDF-D2FD-4846-9490-990F1AA59E0C 
09/26/2016 03:42:15.311 	com.microsoft.Word	0xb031d000	                        com.microsoft.Word	Memory Resource Usage	beo99	Information 	CurrentProcessWideMemoryUsage {"ScopeInstance": 17, "BytesUsedDelta": 0, "BytesUsedAtComplete": 76865536}	5E7F2DDF-D2FD-4846-9490-990F1AA59E0C 
09/26/2016 03:42:15.311 	com.microsoft.Word	0xb031d000	                        com.microsoft.Word	Scope Summary	beo99	Information 	{"ScopeName": "MruDocumentsApi::ReadRequest", "StartTime": 2016-09-26T03:42:15Z, "DurationToCompleteInMilliseconds": 0, "DurationToCompleteInMillisecondsHighPrecision": 0.119709, "ScopeInstance": 17, "ScopeParentInstance": 0, "TopActivityInstance": 17, "Success": true}	5E7F2DDF-D2FD-4846-9490-990F1AA59E0C 
09/26/2016 03:42:15.311 	com.microsoft.Word	0xb031d000	                        com.microsoft.Word	MruServiceApi	axqsb	Information 	MruServiceApi: MruDocumentsApi: READ called {"UniqueId": "UnsignedUser", "Application": "Word", "Locale": "en-US", "MaxItems": 100, "ItemOptions": 14, "CorrelationId": "D31BCA00-AFDF-4FD2-B984-D3FE41355B92"}	5E7F2DDF-D2FD-4846-9490-990F1AA59E0C 
09/26/2016 03:42:15.311 	com.microsoft.Word	0xb031d000	                        com.microsoft.Word	MruServiceApi	axqsf	Information 	MruServiceApi: MruDocumentsApi: READ - cached items callback {"UniqueId": "UnsignedUser", "Application": "Word", "Locale": "en-US", "RequestDuration": 0, "NumberOfItems": 0, "MaxItems": 100}	5E7F2DDF-D2FD-4846-9490-990F1AA59E0C 
09/26/2016 03:42:15.311 	com.microsoft.Word	0xb031d000	                        com.microsoft.Word	Memory Resource Usage	beo99	Information 	CurrentProcessWideMemoryUsage {"ScopeInstance": 18, "BytesUsedDelta": 0, "BytesUsedAtComplete": 76881920}	5E7F2DDF-D2FD-4846-9490-990F1AA59E0C 
09/26/2016 03:42:15.311 	com.microsoft.Word	0xb031d000	                        com.microsoft.Word	Scope Summary	beo99	Information 	{"ScopeName": "MruDocumentsApi::ReadRequest", "StartTime": 2016-09-26T03:42:15Z, "DurationToCompleteInMilliseconds": 0, "DurationToCompleteInMillisecondsHighPrecision": 0.087850, "ScopeInstance": 18, "ScopeParentInstance": 0, "TopActivityInstance": 18, "Success": true}	5E7F2DDF-D2FD-4846-9490-990F1AA59E0C 
09/26/2016 03:42:15.311 	com.microsoft.Word	0xb031d000	                        com.microsoft.Word	Identity Authentication Client	a07y2	Warning 	[IdentityManager] GetIdentityForUniqueId {"Message": "Could not get identity for empty id."}	5E7F2DDF-D2FD-4846-9490-990F1AA59E0C 
09/26/2016 03:42:15.311 	com.microsoft.Word	0xb031d000	                        com.microsoft.Word	Identity Authentication Client	a07y2	Warning 	[IdentityManager] GetIdentityForUniqueId {"Message": "Could not get identity for empty id."}	5E7F2DDF-D2FD-4846-9490-990F1AA59E0C 
09/26/2016 03:42:15.742 	com.microsoft.Word	0xb0081000	                        com.microsoft.Word	Word Zoom Scroll	ibsia	Information 	Scrolling 0 2048 {"FrequencyDataEventName": "Scrolling 0 2048", "Summary": "NumberOfEvents", "NumberOfEvents": 2, "Mean": 0.000000, "Min": 0.000000, "Max": 0.000000, "StandardDeviation": 0.000000}	5E7F2DDF-D2FD-4846-9490-990F1AA59E0C 
09/26/2016 03:42:15.742 	com.microsoft.Word	0xb0081000	                        com.microsoft.Word	Word Zoom Scroll	ibsib	Information 	Scrolling 0 2048 {"FrequencyDataEventName": "Scrolling 0 2048", "Summary": "Mean", "NumberOfEvents": 2, "Mean": 0.000000, "Min": 0.000000, "Max": 0.000000, "StandardDeviation": 0.000000}	5E7F2DDF-D2FD-4846-9490-990F1AA59E0C 
09/26/2016 03:42:15.742 	com.microsoft.Word	0xb0081000	                        com.microsoft.Word	Word Zoom Scroll	ibsic	Information 	Scrolling 0 2048 {"FrequencyDataEventName": "Scrolling 0 2048", "Summary": "Min", "NumberOfEvents": 2, "Mean": nan, "Min": inf, "Max": inf, "StandardDeviation": nan}	5E7F2DDF-D2FD-4846-9490-990F1AA59E0C 
09/26/2016 03:42:15.742 	com.microsoft.Word	0xb0081000	                        com.microsoft.Word	Word Zoom Scroll	ibsid	Information 	Scrolling 0 2048 {"FrequencyDataEventName": "Scrolling 0 2048", "Summary": "Max", "NumberOfEvents": 2, "Mean": nan, "Min": -inf, "Max": -inf, "StandardDeviation": nan}	5E7F2DDF-D2FD-4846-9490-990F1AA59E0C 
09/26/2016 03:42:15.742 	com.microsoft.Word	0xb0081000	                        com.microsoft.Word	Word Zoom Scroll	ibsie	Information 	Scrolling 0 2048 {"FrequencyDataEventName": "Scrolling 0 2048", "Summary": "StandardDeviation", "NumberOfEvents": 2, "Mean": 0.000000, "Min": 0.000000, "Max": 0.000000, "StandardDeviation": 0.000000}	5E7F2DDF-D2FD-4846-9490-990F1AA59E0C 
09/26/2016 03:42:16.117 	com.microsoft.Word	0xb0115000	                        com.microsoft.Word	Document Close	ib7g6	Information 	Document Close.	5E7F2DDF-D2FD-4846-9490-990F1AA59E0C 
09/26/2016 03:42:20.271 	com.microsoft.Word	0xb0115000	                        com.microsoft.Word	TimerScope	ian14	Information 	{"ID": "word.active", "Instance": 4, "Action": "Stop", "Result": 4994657}	5E7F2DDF-D2FD-4846-9490-990F1AA59E0C 
09/26/2016 03:44:05.658 	com.microsoft.Word	0xb0115000	                        com.microsoft.Word	Nexus Transport	a3q0m	Information 	Resetting Throttling level. {"CurrentBucketSize": 134, "BucketMax": 436906, "BucketDurationInMs": 300}	5E7F2DDF-D2FD-4846-9490-990F1AA59E0C 
09/26/2016 03:44:05.659 	com.microsoft.Word	0xb0831000	                        com.microsoft.Word	MbuInstrument	ibxdj	Warning 	Standard error {"Message": "2016-09-25 23:44:05.658 Microsoft Word[7073:571631] Stream 0x7d3d7fa0 is sending an event before being opened"}	5E7F2DDF-D2FD-4846-9490-990F1AA59E0C 
09/26/2016 03:44:05.659 	com.microsoft.Word	0xb0831000	                        com.microsoft.Word	MbuInstrument	ibxdj	Warning 	Standard error {"Message": "2016-09-25 23:44:05.659 Microsoft Word[7073:571631] Stream 0x7d3d7fa0 is sending an event before being opened"}	5E7F2DDF-D2FD-4846-9490-990F1AA59E0C 
